2014-05-20 05:48:21.533+0000 INFO  [o.n.k.i.DiagnosticsManager]: --- INITIALIZED diagnostics START ---
2014-05-20 05:48:22.086+0000 INFO  [o.n.k.i.DiagnosticsManager]: Neo4j Kernel properties:
2014-05-20 05:48:22.093+0000 INFO  [o.n.k.i.DiagnosticsManager]: neostore.propertystore.db.mapped_memory=108M
2014-05-20 05:48:22.094+0000 INFO  [o.n.k.i.DiagnosticsManager]: neostore.nodestore.db.mapped_memory=29M
2014-05-20 05:48:22.094+0000 INFO  [o.n.k.i.DiagnosticsManager]: neostore.relationshipstore.db.mapped_memory=132M
2014-05-20 05:48:22.094+0000 INFO  [o.n.k.i.DiagnosticsManager]: neostore.propertystore.db.strings.mapped_memory=91M
2014-05-20 05:48:22.094+0000 INFO  [o.n.k.i.DiagnosticsManager]: store_dir=C:\Users\Jean\Documents\Neo4j\credit card fraud v2
2014-05-20 05:48:22.094+0000 INFO  [o.n.k.i.DiagnosticsManager]: keep_logical_logs=true
2014-05-20 05:48:22.094+0000 INFO  [o.n.k.i.DiagnosticsManager]: neostore.propertystore.db.arrays.mapped_memory=104M
2014-05-20 05:48:22.094+0000 INFO  [o.n.k.i.DiagnosticsManager]: ephemeral=false
2014-05-20 05:48:22.096+0000 INFO  [o.n.k.i.DiagnosticsManager]: Diagnostics providers:
2014-05-20 05:48:22.096+0000 INFO  [o.n.k.i.DiagnosticsManager]: org.neo4j.kernel.configuration.Config
2014-05-20 05:48:22.096+0000 INFO  [o.n.k.i.DiagnosticsManager]: org.neo4j.kernel.info.DiagnosticsManager
2014-05-20 05:48:22.096+0000 INFO  [o.n.k.i.DiagnosticsManager]: SYSTEM_MEMORY
2014-05-20 05:48:22.096+0000 INFO  [o.n.k.i.DiagnosticsManager]: JAVA_MEMORY
2014-05-20 05:48:22.096+0000 INFO  [o.n.k.i.DiagnosticsManager]: OPERATING_SYSTEM
2014-05-20 05:48:22.096+0000 INFO  [o.n.k.i.DiagnosticsManager]: JAVA_VIRTUAL_MACHINE
2014-05-20 05:48:22.096+0000 INFO  [o.n.k.i.DiagnosticsManager]: CLASSPATH
2014-05-20 05:48:22.096+0000 INFO  [o.n.k.i.DiagnosticsManager]: LIBRARY_PATH
2014-05-20 05:48:22.096+0000 INFO  [o.n.k.i.DiagnosticsManager]: SYSTEM_PROPERTIES
2014-05-20 05:48:22.096+0000 INFO  [o.n.k.i.DiagnosticsManager]: NETWORK
2014-05-20 05:48:22.097+0000 INFO  [o.n.k.i.DiagnosticsManager]: System memory information:
2014-05-20 05:48:22.456+0000 INFO  [o.n.k.i.DiagnosticsManager]: Total Physical memory: 7,75 GB
2014-05-20 05:48:22.456+0000 INFO  [o.n.k.i.DiagnosticsManager]: Free Physical memory: 4,91 GB
2014-05-20 05:48:22.456+0000 INFO  [o.n.k.i.DiagnosticsManager]: Committed virtual memory: 275,40 MB
2014-05-20 05:48:22.457+0000 INFO  [o.n.k.i.DiagnosticsManager]: Total swap space: 15,49 GB
2014-05-20 05:48:22.457+0000 INFO  [o.n.k.i.DiagnosticsManager]: Free swap space: 11,15 GB
2014-05-20 05:48:22.458+0000 INFO  [o.n.k.i.DiagnosticsManager]: JVM memory information:
2014-05-20 05:48:22.458+0000 INFO  [o.n.k.i.DiagnosticsManager]: Free  memory: 85,57 MB
2014-05-20 05:48:22.459+0000 INFO  [o.n.k.i.DiagnosticsManager]: Total memory: 118,88 MB
2014-05-20 05:48:22.459+0000 INFO  [o.n.k.i.DiagnosticsManager]: Max   memory: 1,72 GB
2014-05-20 05:48:23.498+0000 INFO  [o.n.k.i.DiagnosticsManager]: Garbage Collector: PS Scavenge: [PS Eden Space, PS Survivor Space]
2014-05-20 05:48:23.498+0000 INFO  [o.n.k.i.DiagnosticsManager]: Garbage Collector: PS MarkSweep: [PS Eden Space, PS Survivor Space, PS Old Gen, PS Perm Gen]
2014-05-20 05:48:23.501+0000 INFO  [o.n.k.i.DiagnosticsManager]: Memory Pool: Code Cache (Non-heap memory): committed=2,44 MB, used=997,50 kB, max=48,00 MB, threshold=0,00 B
2014-05-20 05:48:23.503+0000 INFO  [o.n.k.i.DiagnosticsManager]: Memory Pool: PS Eden Space (Heap memory): committed=31,06 MB, used=26,97 MB, max=651,06 MB, threshold=?
2014-05-20 05:48:23.505+0000 INFO  [o.n.k.i.DiagnosticsManager]: Memory Pool: PS Survivor Space (Heap memory): committed=5,13 MB, used=5,10 MB, max=5,13 MB, threshold=?
2014-05-20 05:48:23.506+0000 INFO  [o.n.k.i.DiagnosticsManager]: Memory Pool: PS Old Gen (Heap memory): committed=82,69 MB, used=1,24 MB, max=1,29 GB, threshold=0,00 B
2014-05-20 05:48:23.508+0000 INFO  [o.n.k.i.DiagnosticsManager]: Memory Pool: PS Perm Gen (Non-heap memory): committed=23,38 MB, used=23,22 MB, max=82,00 MB, threshold=0,00 B
2014-05-20 05:48:23.508+0000 INFO  [o.n.k.i.DiagnosticsManager]: Operating system information:
2014-05-20 05:48:23.511+0000 INFO  [o.n.k.i.DiagnosticsManager]: Operating System: Windows 7; version: 6.1; arch: amd64; cpus: 3
2014-05-20 05:48:23.512+0000 INFO  [o.n.k.i.DiagnosticsManager]: Process id: 6516@Jean-PC
2014-05-20 05:48:23.512+0000 INFO  [o.n.k.i.DiagnosticsManager]: Byte order: LITTLE_ENDIAN
2014-05-20 05:48:23.512+0000 INFO  [o.n.k.i.DiagnosticsManager]: Local timezone: Europe/Paris
2014-05-20 05:48:23.513+0000 INFO  [o.n.k.i.DiagnosticsManager]: JVM information:
2014-05-20 05:48:23.513+0000 INFO  [o.n.k.i.DiagnosticsManager]: VM Name: Java HotSpot(TM) 64-Bit Server VM
2014-05-20 05:48:23.513+0000 INFO  [o.n.k.i.DiagnosticsManager]: VM Vendor: Oracle Corporation
2014-05-20 05:48:23.513+0000 INFO  [o.n.k.i.DiagnosticsManager]: VM Version: 22.1-b02
2014-05-20 05:48:23.526+0000 INFO  [o.n.k.i.DiagnosticsManager]: JIT compiler: HotSpot 64-Bit Tiered Compilers
2014-05-20 05:48:23.527+0000 INFO  [o.n.k.i.DiagnosticsManager]: VM Arguments: [-Dexe4j.semaphoreName=Local\c:_program_files_neo4j_community_bin_neo4j-community.exe, -Dexe4j.isInstall4j=true, -Dexe4j.moduleName=C:\Program Files\Neo4j Community\bin\neo4j-community.exe, -Dexe4j.processCommFile=C:\Users\Jean\AppData\Local\Temp\e4j_p6516.tmp, -Dexe4j.tempDir=, -Dexe4j.unextractedPosition=0, -Djava.library.path=C:\Windows\system32;C:\Windows;C:\Windows\System32\Wbem;C:\Windows\System32\WindowsPowerShell\v1.0\;C:\Program Files (x86)\nodejs\;C:\Program Files (x86)\QuickTime\QTSystem\;C:\Users\Jean\AppData\Roaming\npm;c:\program files\java\jre7\bin, -Dexe4j.consoleCodepage=cp0, -Dinstall4j.launcherId=24, -Dinstall4j.swt=false]
2014-05-20 05:48:23.527+0000 INFO  [o.n.k.i.DiagnosticsManager]: Java classpath:
2014-05-20 05:48:23.530+0000 INFO  [o.n.k.i.DiagnosticsManager]:  [bootstrap] C:\Program Files\Java\jre7\lib\resources.jar
2014-05-20 05:48:23.530+0000 INFO  [o.n.k.i.DiagnosticsManager]:  [classpath] C:\Program Files\Neo4j Community\.install4j\i4jruntime.jar
2014-05-20 05:48:23.530+0000 INFO  [o.n.k.i.DiagnosticsManager]:  [loader.1] file:/C:/Program%20Files/Java/jre7/lib/ext/localedata.jar
2014-05-20 05:48:23.530+0000 INFO  [o.n.k.i.DiagnosticsManager]:  [loader.0] file:/C:/Program%20Files/Neo4j%20Community/bin/neo4j-desktop-2.0.0.jar
2014-05-20 05:48:23.530+0000 INFO  [o.n.k.i.DiagnosticsManager]:  [loader.1] file:/C:/Program%20Files/Java/jre7/lib/ext/zipfs.jar
2014-05-20 05:48:23.530+0000 INFO  [o.n.k.i.DiagnosticsManager]:  [bootstrap] C:\Program Files\Java\jre7\classes
2014-05-20 05:48:23.530+0000 INFO  [o.n.k.i.DiagnosticsManager]:  [loader.1] file:/C:/Program%20Files/Java/jre7/lib/ext/sunjce_provider.jar
2014-05-20 05:48:23.530+0000 INFO  [o.n.k.i.DiagnosticsManager]:  [classpath] C:\Program Files\Neo4j Community\bin\neo4j-desktop-2.0.0.jar
2014-05-20 05:48:23.530+0000 INFO  [o.n.k.i.DiagnosticsManager]:  [bootstrap] C:\Program Files\Java\jre7\lib\jsse.jar
2014-05-20 05:48:23.530+0000 INFO  [o.n.k.i.DiagnosticsManager]:  [loader.1] file:/C:/Program%20Files/Java/jre7/lib/ext/sunmscapi.jar
2014-05-20 05:48:23.531+0000 INFO  [o.n.k.i.DiagnosticsManager]:  [loader.0] file:/C:/Program%20Files/Neo4j%20Community/bin/
2014-05-20 05:48:23.531+0000 INFO  [o.n.k.i.DiagnosticsManager]:  [bootstrap] C:\Program Files\Java\jre7\lib\jce.jar
2014-05-20 05:48:23.531+0000 INFO  [o.n.k.i.DiagnosticsManager]:  [bootstrap] C:\Program Files\Java\jre7\lib\rt.jar
2014-05-20 05:48:23.531+0000 INFO  [o.n.k.i.DiagnosticsManager]:  [bootstrap] C:\Program Files\Java\jre7\lib\sunrsasign.jar
2014-05-20 05:48:23.531+0000 INFO  [o.n.k.i.DiagnosticsManager]:  [loader.1] file:/C:/Program%20Files/Java/jre7/lib/ext/dnsns.jar
2014-05-20 05:48:23.531+0000 INFO  [o.n.k.i.DiagnosticsManager]:  [bootstrap] C:\Program Files\Java\jre7\lib\charsets.jar
2014-05-20 05:48:23.531+0000 INFO  [o.n.k.i.DiagnosticsManager]:  [loader.0] file:/C:/Program%20Files/Neo4j%20Community/.install4j/i4jruntime.jar
2014-05-20 05:48:23.531+0000 INFO  [o.n.k.i.DiagnosticsManager]:  [loader.1] file:/C:/Program%20Files/Java/jre7/lib/ext/sunec.jar
2014-05-20 05:48:23.531+0000 INFO  [o.n.k.i.DiagnosticsManager]: Library path:
2014-05-20 05:48:23.532+0000 INFO  [o.n.k.i.DiagnosticsManager]: C:\Windows\System32
2014-05-20 05:48:23.532+0000 INFO  [o.n.k.i.DiagnosticsManager]: C:\Windows
2014-05-20 05:48:23.532+0000 INFO  [o.n.k.i.DiagnosticsManager]: C:\Windows\System32\wbem
2014-05-20 05:48:23.533+0000 INFO  [o.n.k.i.DiagnosticsManager]: C:\Windows\System32\WindowsPowerShell\v1.0
2014-05-20 05:48:23.533+0000 INFO  [o.n.k.i.DiagnosticsManager]: C:\Program Files (x86)\nodejs
2014-05-20 05:48:23.533+0000 INFO  [o.n.k.i.DiagnosticsManager]: C:\Program Files (x86)\QuickTime\QTSystem
2014-05-20 05:48:23.534+0000 INFO  [o.n.k.i.DiagnosticsManager]: C:\Users\Jean\AppData\Roaming\npm
2014-05-20 05:48:23.534+0000 INFO  [o.n.k.i.DiagnosticsManager]: C:\Program Files\Java\jre7\bin
2014-05-20 05:48:23.534+0000 INFO  [o.n.k.i.DiagnosticsManager]: System.properties:
2014-05-20 05:48:23.616+0000 INFO  [o.n.k.i.DiagnosticsManager]: exe4j.moduleName = C:\Program Files\Neo4j Community\bin\neo4j-community.exe
2014-05-20 05:48:23.616+0000 INFO  [o.n.k.i.DiagnosticsManager]: exe4j.processCommFile = C:\Users\Jean\AppData\Local\Temp\e4j_p6516.tmp
2014-05-20 05:48:23.616+0000 INFO  [o.n.k.i.DiagnosticsManager]: exe4j.semaphoreName = Local\c:_program_files_neo4j_community_bin_neo4j-community.exe
2014-05-20 05:48:23.616+0000 INFO  [o.n.k.i.DiagnosticsManager]: sun.boot.library.path = c:\program files\java\jre7\bin
2014-05-20 05:48:23.616+0000 INFO  [o.n.k.i.DiagnosticsManager]: user.country.format = FR
2014-05-20 05:48:23.616+0000 INFO  [o.n.k.i.DiagnosticsManager]: exe4j.consoleCodepage = cp0
2014-05-20 05:48:23.616+0000 INFO  [o.n.k.i.DiagnosticsManager]: path.separator = ;
2014-05-20 05:48:23.616+0000 INFO  [o.n.k.i.DiagnosticsManager]: file.encoding.pkg = sun.io
2014-05-20 05:48:23.616+0000 INFO  [o.n.k.i.DiagnosticsManager]: user.country = US
2014-05-20 05:48:23.616+0000 INFO  [o.n.k.i.DiagnosticsManager]: user.script = 
2014-05-20 05:48:23.616+0000 INFO  [o.n.k.i.DiagnosticsManager]: sun.os.patch.level = Service Pack 1
2014-05-20 05:48:23.616+0000 INFO  [o.n.k.i.DiagnosticsManager]: install4j.exeDir = C:\Program Files\Neo4j Community\bin\
2014-05-20 05:48:23.616+0000 INFO  [o.n.k.i.DiagnosticsManager]: user.dir = C:\Program Files\Neo4j Community\bin
2014-05-20 05:48:23.616+0000 INFO  [o.n.k.i.DiagnosticsManager]: user.variant = 
2014-05-20 05:48:23.617+0000 INFO  [o.n.k.i.DiagnosticsManager]: exe4j.tempDir = 
2014-05-20 05:48:23.617+0000 INFO  [o.n.k.i.DiagnosticsManager]: sun.jnu.encoding = Cp1252
2014-05-20 05:48:23.617+0000 INFO  [o.n.k.i.DiagnosticsManager]: sun.awt.enableExtraMouseButtons = true
2014-05-20 05:48:23.617+0000 INFO  [o.n.k.i.DiagnosticsManager]: install4j.launcherId = 24
2014-05-20 05:48:23.617+0000 INFO  [o.n.k.i.DiagnosticsManager]: sun.management.compiler = HotSpot 64-Bit Tiered Compilers
2014-05-20 05:48:23.617+0000 INFO  [o.n.k.i.DiagnosticsManager]: exe4j.isInstall4j = true
2014-05-20 05:48:23.617+0000 INFO  [o.n.k.i.DiagnosticsManager]: install4j.swt = false
2014-05-20 05:48:23.617+0000 INFO  [o.n.k.i.DiagnosticsManager]: user.home = C:\Users\Jean
2014-05-20 05:48:23.617+0000 INFO  [o.n.k.i.DiagnosticsManager]: user.timezone = Europe/Paris
2014-05-20 05:48:23.617+0000 INFO  [o.n.k.i.DiagnosticsManager]: file.encoding = Cp1252
2014-05-20 05:48:23.617+0000 INFO  [o.n.k.i.DiagnosticsManager]: neo4j.ext.udc.launcher = desktop
2014-05-20 05:48:23.617+0000 INFO  [o.n.k.i.DiagnosticsManager]: user.name = Jean
2014-05-20 05:48:23.617+0000 INFO  [o.n.k.i.DiagnosticsManager]: sun.java.command = C:\Program Files\Neo4j Community\bin\neo4j-community.exe
2014-05-20 05:48:23.617+0000 INFO  [o.n.k.i.DiagnosticsManager]: sun.arch.data.model = 64
2014-05-20 05:48:23.617+0000 INFO  [o.n.k.i.DiagnosticsManager]: exe4j.launchName = C:\Program Files\Neo4j Community\bin\neo4j-community.exe
2014-05-20 05:48:23.617+0000 INFO  [o.n.k.i.DiagnosticsManager]: user.language = en
2014-05-20 05:48:23.617+0000 INFO  [o.n.k.i.DiagnosticsManager]: user.language.format = fr
2014-05-20 05:48:23.617+0000 INFO  [o.n.k.i.DiagnosticsManager]: awt.toolkit = sun.awt.windows.WToolkit
2014-05-20 05:48:23.617+0000 INFO  [o.n.k.i.DiagnosticsManager]: exe4j.unextractedPosition = 0
2014-05-20 05:48:23.617+0000 INFO  [o.n.k.i.DiagnosticsManager]: install4j.appDir = C:\Program Files\Neo4j Community\
2014-05-20 05:48:23.617+0000 INFO  [o.n.k.i.DiagnosticsManager]: file.separator = \
2014-05-20 05:48:23.617+0000 INFO  [o.n.k.i.DiagnosticsManager]: sun.io.unicode.encoding = UnicodeLittle
2014-05-20 05:48:23.617+0000 INFO  [o.n.k.i.DiagnosticsManager]: sun.cpu.endian = little
2014-05-20 05:48:23.617+0000 INFO  [o.n.k.i.DiagnosticsManager]: sun.desktop = windows
2014-05-20 05:48:23.617+0000 INFO  [o.n.k.i.DiagnosticsManager]: sun.cpu.isalist = amd64
2014-05-20 05:48:23.617+0000 INFO  [o.n.k.i.DiagnosticsManager]: Network information:
2014-05-20 05:48:24.303+0000 INFO  [o.n.k.i.DiagnosticsManager]: Interface Software Loopback Interface 1:
2014-05-20 05:48:24.304+0000 INFO  [o.n.k.i.DiagnosticsManager]:     address: 127.0.0.1
2014-05-20 05:48:24.304+0000 INFO  [o.n.k.i.DiagnosticsManager]:     address: 0:0:0:0:0:0:0:1
2014-05-20 05:48:24.304+0000 INFO  [o.n.k.i.DiagnosticsManager]: Interface WAN Miniport (SSTP):
2014-05-20 05:48:24.304+0000 INFO  [o.n.k.i.DiagnosticsManager]: Interface WAN Miniport (L2TP):
2014-05-20 05:48:24.304+0000 INFO  [o.n.k.i.DiagnosticsManager]: Interface WAN Miniport (PPTP):
2014-05-20 05:48:24.304+0000 INFO  [o.n.k.i.DiagnosticsManager]: Interface WAN Miniport (PPPOE):
2014-05-20 05:48:24.304+0000 INFO  [o.n.k.i.DiagnosticsManager]: Interface WAN Miniport (IPv6):
2014-05-20 05:48:24.305+0000 INFO  [o.n.k.i.DiagnosticsManager]: Interface WAN Miniport (Network Monitor):
2014-05-20 05:48:24.305+0000 INFO  [o.n.k.i.DiagnosticsManager]: Interface WAN Miniport (IP):
2014-05-20 05:48:24.305+0000 INFO  [o.n.k.i.DiagnosticsManager]: Interface RAS Async Adapter:
2014-05-20 05:48:24.305+0000 INFO  [o.n.k.i.DiagnosticsManager]: Interface WAN Miniport (IKEv2):
2014-05-20 05:48:24.305+0000 INFO  [o.n.k.i.DiagnosticsManager]: Interface Realtek PCIe GBE Family Controller:
2014-05-20 05:48:24.305+0000 INFO  [o.n.k.i.DiagnosticsManager]:     address: 192.168.0.10
2014-05-20 05:48:24.305+0000 INFO  [o.n.k.i.DiagnosticsManager]:     address: fe80:0:0:0:f011:bba2:e018:cab8%11
2014-05-20 05:48:24.305+0000 INFO  [o.n.k.i.DiagnosticsManager]: Interface Teredo Tunneling Pseudo-Interface:
2014-05-20 05:48:24.305+0000 INFO  [o.n.k.i.DiagnosticsManager]:     address: 2001:0:9d38:6ab8:1483:2e5f:3f57:fff5
2014-05-20 05:48:24.305+0000 INFO  [o.n.k.i.DiagnosticsManager]:     address: fe80:0:0:0:1483:2e5f:3f57:fff5%12
2014-05-20 05:48:24.305+0000 INFO  [o.n.k.i.DiagnosticsManager]: Interface Realtek PCIe GBE Family Controller - VirtualBox Bridged Networking Driver Miniport:
2014-05-20 05:48:24.305+0000 INFO  [o.n.k.i.DiagnosticsManager]: Interface VirtualBox Host-Only Ethernet Adapter:
2014-05-20 05:48:24.305+0000 INFO  [o.n.k.i.DiagnosticsManager]:     address: 192.168.56.1
2014-05-20 05:48:24.305+0000 INFO  [o.n.k.i.DiagnosticsManager]:     address: fe80:0:0:0:19f8:6be6:c5c2:10c4%14
2014-05-20 05:48:24.306+0000 INFO  [o.n.k.i.DiagnosticsManager]: Interface Microsoft ISATAP Adapter #2:
2014-05-20 05:48:24.306+0000 INFO  [o.n.k.i.DiagnosticsManager]: Interface Apple Mobile Device Ethernet:
2014-05-20 05:48:24.306+0000 INFO  [o.n.k.i.DiagnosticsManager]: Interface Apple Mobile Device Ethernet - VirtualBox Bridged Networking Driver Miniport:
2014-05-20 05:48:24.306+0000 INFO  [o.n.k.i.DiagnosticsManager]: Interface Microsoft 6to4 Adapter:
2014-05-20 05:48:24.306+0000 INFO  [o.n.k.i.DiagnosticsManager]: Interface Microsoft ISATAP Adapter:
2014-05-20 05:48:24.306+0000 INFO  [o.n.k.i.DiagnosticsManager]: Interface WAN Miniport (Network Monitor)-QoS Packet Scheduler-0000:
2014-05-20 05:48:24.306+0000 INFO  [o.n.k.i.DiagnosticsManager]: Interface WAN Miniport (IP)-QoS Packet Scheduler-0000:
2014-05-20 05:48:24.306+0000 INFO  [o.n.k.i.DiagnosticsManager]: Interface WAN Miniport (IPv6)-QoS Packet Scheduler-0000:
2014-05-20 05:48:24.306+0000 INFO  [o.n.k.i.DiagnosticsManager]: Interface VirtualBox Host-Only Ethernet Adapter-QoS Packet Scheduler-0000:
2014-05-20 05:48:24.306+0000 INFO  [o.n.k.i.DiagnosticsManager]: Interface VirtualBox Host-Only Ethernet Adapter-WFP LightWeight Filter-0000:
2014-05-20 05:48:24.306+0000 INFO  [o.n.k.i.DiagnosticsManager]: Interface Realtek PCIe GBE Family Controller - VirtualBox Bridged Networking Driver Miniport-QoS Packet Scheduler-0000:
2014-05-20 05:48:24.306+0000 INFO  [o.n.k.i.DiagnosticsManager]: Interface Realtek PCIe GBE Family Controller - VirtualBox Bridged Networking Driver Miniport-WFP LightWeight Filter-0000:
2014-05-20 05:48:24.306+0000 INFO  [o.n.k.i.DiagnosticsManager]: --- INITIALIZED diagnostics END ---
2014-05-20 05:48:32.280+0000 INFO  [o.n.k.i.n.s.StoreFactory]: Creating new db @ C:\Users\Jean\Documents\Neo4j\credit card fraud v2\neostore
2014-05-20 05:48:48.660+0000 INFO  [o.n.k.i.n.s.StoreFactory]: [C:\Users\Jean\Documents\Neo4j\credit card fraud v2\neostore.relationshiptypestore.db.names] brickCount=0 brickSize=0b mappedMem=0b (storeSize=38b)
2014-05-20 05:48:48.664+0000 INFO  [o.n.k.i.n.s.StoreFactory]: [C:\Users\Jean\Documents\Neo4j\credit card fraud v2\neostore.relationshiptypestore.db] brickCount=0 brickSize=0b mappedMem=0b (storeSize=0b)
2014-05-20 05:48:49.227+0000 INFO  [o.n.k.i.n.s.StoreFactory]: C:\Users\Jean\Documents\Neo4j\credit card fraud v2\neostore.relationshiptypestore.db.names hit=0 miss=0 switches=0 ooe=0
2014-05-20 05:48:51.989+0000 INFO  [o.n.k.i.n.s.StoreFactory]: C:\Users\Jean\Documents\Neo4j\credit card fraud v2\neostore.relationshiptypestore.db hit=0 miss=0 switches=0 ooe=0
2014-05-20 05:48:55.160+0000 INFO  [o.n.k.i.n.s.StoreFactory]: [C:\Users\Jean\Documents\Neo4j\credit card fraud v2\neostore.labeltokenstore.db.names] brickCount=0 brickSize=0b mappedMem=0b (storeSize=38b)
2014-05-20 05:48:55.162+0000 INFO  [o.n.k.i.n.s.StoreFactory]: [C:\Users\Jean\Documents\Neo4j\credit card fraud v2\neostore.labeltokenstore.db] brickCount=0 brickSize=0b mappedMem=0b (storeSize=0b)
2014-05-20 05:48:55.487+0000 INFO  [o.n.k.i.n.s.StoreFactory]: C:\Users\Jean\Documents\Neo4j\credit card fraud v2\neostore.labeltokenstore.db.names hit=0 miss=0 switches=0 ooe=0
2014-05-20 05:48:57.139+0000 INFO  [o.n.k.i.n.s.StoreFactory]: C:\Users\Jean\Documents\Neo4j\credit card fraud v2\neostore.labeltokenstore.db hit=0 miss=0 switches=0 ooe=0
2014-05-20 05:49:00.905+0000 INFO  [o.n.k.i.n.s.StoreFactory]: [C:\Users\Jean\Documents\Neo4j\credit card fraud v2\neostore.relationshiptypestore.db.names] brickCount=0 brickSize=0b mappedMem=0b (storeSize=38b)
2014-05-20 05:49:00.905+0000 INFO  [o.n.k.i.n.s.StoreFactory]: [C:\Users\Jean\Documents\Neo4j\credit card fraud v2\neostore.relationshiptypestore.db] brickCount=0 brickSize=0b mappedMem=0b (storeSize=0b)
2014-05-20 05:49:00.906+0000 INFO  [o.n.k.i.n.s.StoreFactory]: [C:\Users\Jean\Documents\Neo4j\credit card fraud v2\neostore.labeltokenstore.db.names] brickCount=0 brickSize=0b mappedMem=0b (storeSize=38b)
2014-05-20 05:49:00.907+0000 INFO  [o.n.k.i.n.s.StoreFactory]: [C:\Users\Jean\Documents\Neo4j\credit card fraud v2\neostore.labeltokenstore.db] brickCount=0 brickSize=0b mappedMem=0b (storeSize=0b)
2014-05-20 05:49:01.099+0000 INFO  [o.n.k.i.n.s.StoreFactory]: [C:\Users\Jean\Documents\Neo4j\credit card fraud v2\neostore.propertystore.db.strings] brickCount=0 brickSize=95360b mappedMem=95420416b (storeSize=128b)
2014-05-20 05:49:01.195+0000 INFO  [o.n.k.i.n.s.StoreFactory]: [C:\Users\Jean\Documents\Neo4j\credit card fraud v2\neostore.propertystore.db.index.keys] brickCount=0 brickSize=0b mappedMem=0b (storeSize=38b)
2014-05-20 05:49:01.196+0000 INFO  [o.n.k.i.n.s.StoreFactory]: [C:\Users\Jean\Documents\Neo4j\credit card fraud v2\neostore.propertystore.db.index] brickCount=0 brickSize=0b mappedMem=0b (storeSize=0b)
2014-05-20 05:49:01.197+0000 INFO  [o.n.k.i.n.s.StoreFactory]: [C:\Users\Jean\Documents\Neo4j\credit card fraud v2\neostore.propertystore.db.arrays] brickCount=0 brickSize=108928b mappedMem=109051904b (storeSize=128b)
2014-05-20 05:49:01.374+0000 INFO  [o.n.k.i.n.s.StoreFactory]: [C:\Users\Jean\Documents\Neo4j\credit card fraud v2\neostore.propertystore.db] brickCount=0 brickSize=1132461b mappedMem=113246208b (storeSize=0b)
2014-05-20 05:49:01.768+0000 INFO  [o.n.k.i.n.s.StoreFactory]: [C:\Users\Jean\Documents\Neo4j\credit card fraud v2\neostore.relationshipstore.db] brickCount=0 brickSize=1384119b mappedMem=138412032b (storeSize=0b)
2014-05-20 05:49:01.768+0000 INFO  [o.n.k.i.n.s.StoreFactory]: [C:\Users\Jean\Documents\Neo4j\credit card fraud v2\neostore.nodestore.db.labels] brickCount=0 brickSize=0b mappedMem=0b (storeSize=68b)
2014-05-20 05:49:01.774+0000 INFO  [o.n.k.i.n.s.StoreFactory]: [C:\Users\Jean\Documents\Neo4j\credit card fraud v2\neostore.nodestore.db] brickCount=0 brickSize=304080b mappedMem=30408704b (storeSize=0b)
2014-05-20 05:49:01.775+0000 INFO  [o.n.k.i.n.s.StoreFactory]: [C:\Users\Jean\Documents\Neo4j\credit card fraud v2\neostore.schemastore.db] brickCount=0 brickSize=0b mappedMem=0b (storeSize=64b)
2014-05-20 05:49:01.776+0000 INFO  [o.n.k.i.n.s.StoreFactory]: [C:\Users\Jean\Documents\Neo4j\credit card fraud v2\neostore] brickCount=0 brickSize=0b mappedMem=0b (storeSize=0b)
2014-05-20 05:49:02.305+0000 INFO  [o.n.k.i.n.s.StoreFactory]: C:\Users\Jean\Documents\Neo4j\credit card fraud v2\neostore.relationshiptypestore.db.names hit=0 miss=0 switches=0 ooe=0
2014-05-20 05:49:03.839+0000 INFO  [o.n.k.i.n.s.StoreFactory]: C:\Users\Jean\Documents\Neo4j\credit card fraud v2\neostore.relationshiptypestore.db hit=0 miss=0 switches=0 ooe=0
2014-05-20 05:49:05.653+0000 INFO  [o.n.k.i.n.s.StoreFactory]: C:\Users\Jean\Documents\Neo4j\credit card fraud v2\neostore.labeltokenstore.db.names hit=0 miss=0 switches=0 ooe=0
2014-05-20 05:49:07.257+0000 INFO  [o.n.k.i.n.s.StoreFactory]: C:\Users\Jean\Documents\Neo4j\credit card fraud v2\neostore.labeltokenstore.db hit=0 miss=0 switches=0 ooe=0
2014-05-20 05:49:09.784+0000 INFO  [o.n.k.i.n.s.StoreFactory]: C:\Users\Jean\Documents\Neo4j\credit card fraud v2\neostore.propertystore.db.strings hit=0 miss=0 switches=0 ooe=0
2014-05-20 05:49:11.580+0000 INFO  [o.n.k.i.n.s.StoreFactory]: C:\Users\Jean\Documents\Neo4j\credit card fraud v2\neostore.propertystore.db.index.keys hit=0 miss=0 switches=0 ooe=0
2014-05-20 05:49:13.329+0000 INFO  [o.n.k.i.n.s.StoreFactory]: C:\Users\Jean\Documents\Neo4j\credit card fraud v2\neostore.propertystore.db.index hit=0 miss=0 switches=0 ooe=0
2014-05-20 05:49:15.133+0000 INFO  [o.n.k.i.n.s.StoreFactory]: C:\Users\Jean\Documents\Neo4j\credit card fraud v2\neostore.propertystore.db.arrays hit=0 miss=0 switches=0 ooe=0
2014-05-20 05:49:16.639+0000 INFO  [o.n.k.i.n.s.StoreFactory]: C:\Users\Jean\Documents\Neo4j\credit card fraud v2\neostore.propertystore.db hit=0 miss=0 switches=0 ooe=0
2014-05-20 05:49:19.041+0000 INFO  [o.n.k.i.n.s.StoreFactory]: C:\Users\Jean\Documents\Neo4j\credit card fraud v2\neostore.relationshipstore.db hit=0 miss=0 switches=0 ooe=0
2014-05-20 05:49:21.215+0000 INFO  [o.n.k.i.n.s.StoreFactory]: C:\Users\Jean\Documents\Neo4j\credit card fraud v2\neostore.nodestore.db.labels hit=0 miss=0 switches=0 ooe=0
2014-05-20 05:49:22.679+0000 INFO  [o.n.k.i.n.s.StoreFactory]: C:\Users\Jean\Documents\Neo4j\credit card fraud v2\neostore.nodestore.db hit=0 miss=0 switches=0 ooe=0
2014-05-20 05:49:24.325+0000 INFO  [o.n.k.i.n.s.StoreFactory]: C:\Users\Jean\Documents\Neo4j\credit card fraud v2\neostore.schemastore.db hit=0 miss=0 switches=0 ooe=0
2014-05-20 05:49:26.246+0000 INFO  [o.n.k.i.n.s.StoreFactory]: C:\Users\Jean\Documents\Neo4j\credit card fraud v2\neostore hit=0 miss=8 switches=0 ooe=0
2014-05-20 05:49:28.439+0000 INFO  [o.n.k.i.n.s.StoreFactory]: [C:\Users\Jean\Documents\Neo4j\credit card fraud v2\neostore.relationshiptypestore.db.names] brickCount=0 brickSize=0b mappedMem=0b (storeSize=38b)
2014-05-20 05:49:28.441+0000 INFO  [o.n.k.i.n.s.StoreFactory]: [C:\Users\Jean\Documents\Neo4j\credit card fraud v2\neostore.relationshiptypestore.db] brickCount=0 brickSize=0b mappedMem=0b (storeSize=0b)
2014-05-20 05:49:28.443+0000 INFO  [o.n.k.i.n.s.StoreFactory]: [C:\Users\Jean\Documents\Neo4j\credit card fraud v2\neostore.labeltokenstore.db.names] brickCount=0 brickSize=0b mappedMem=0b (storeSize=38b)
2014-05-20 05:49:28.445+0000 INFO  [o.n.k.i.n.s.StoreFactory]: [C:\Users\Jean\Documents\Neo4j\credit card fraud v2\neostore.labeltokenstore.db] brickCount=0 brickSize=0b mappedMem=0b (storeSize=0b)
2014-05-20 05:49:28.448+0000 INFO  [o.n.k.i.n.s.StoreFactory]: [C:\Users\Jean\Documents\Neo4j\credit card fraud v2\neostore.propertystore.db.strings] brickCount=0 brickSize=95360b mappedMem=95420416b (storeSize=128b)
2014-05-20 05:49:28.450+0000 INFO  [o.n.k.i.n.s.StoreFactory]: [C:\Users\Jean\Documents\Neo4j\credit card fraud v2\neostore.propertystore.db.index.keys] brickCount=0 brickSize=0b mappedMem=0b (storeSize=38b)
2014-05-20 05:49:28.451+0000 INFO  [o.n.k.i.n.s.StoreFactory]: [C:\Users\Jean\Documents\Neo4j\credit card fraud v2\neostore.propertystore.db.index] brickCount=0 brickSize=0b mappedMem=0b (storeSize=0b)
2014-05-20 05:49:28.453+0000 INFO  [o.n.k.i.n.s.StoreFactory]: [C:\Users\Jean\Documents\Neo4j\credit card fraud v2\neostore.propertystore.db.arrays] brickCount=0 brickSize=108928b mappedMem=109051904b (storeSize=128b)
2014-05-20 05:49:28.455+0000 INFO  [o.n.k.i.n.s.StoreFactory]: [C:\Users\Jean\Documents\Neo4j\credit card fraud v2\neostore.propertystore.db] brickCount=0 brickSize=1132461b mappedMem=113246208b (storeSize=0b)
2014-05-20 05:49:28.458+0000 INFO  [o.n.k.i.n.s.StoreFactory]: [C:\Users\Jean\Documents\Neo4j\credit card fraud v2\neostore.relationshipstore.db] brickCount=0 brickSize=1384119b mappedMem=138412032b (storeSize=0b)
2014-05-20 05:49:28.460+0000 INFO  [o.n.k.i.n.s.StoreFactory]: [C:\Users\Jean\Documents\Neo4j\credit card fraud v2\neostore.nodestore.db.labels] brickCount=0 brickSize=0b mappedMem=0b (storeSize=68b)
2014-05-20 05:49:28.461+0000 INFO  [o.n.k.i.n.s.StoreFactory]: [C:\Users\Jean\Documents\Neo4j\credit card fraud v2\neostore.nodestore.db] brickCount=0 brickSize=304080b mappedMem=30408704b (storeSize=0b)
2014-05-20 05:49:28.463+0000 INFO  [o.n.k.i.n.s.StoreFactory]: [C:\Users\Jean\Documents\Neo4j\credit card fraud v2\neostore.schemastore.db] brickCount=0 brickSize=0b mappedMem=0b (storeSize=64b)
2014-05-20 05:49:28.464+0000 INFO  [o.n.k.i.n.s.StoreFactory]: [C:\Users\Jean\Documents\Neo4j\credit card fraud v2\neostore] brickCount=0 brickSize=0b mappedMem=0b (storeSize=63b)
2014-05-20 05:49:32.360+0000 INFO  [o.n.k.a.i.i.LuceneLabelScanStore]: No lucene scan store index found, this might just be first use. Preparing to rebuild.
2014-05-20 05:49:33.416+0000 INFO  [o.n.k.a.i.i.LuceneLabelScanStore]: No lucene scan store index found, this might just be first use. Preparing to rebuild.
2014-05-20 05:49:43.032+0000 INFO  [o.n.k.i.t.x.XaLogicalLog]: Opened logical log [C:\Users\Jean\Documents\Neo4j\credit card fraud v2\nioneo_logical.log.1] version=0, lastTxId=1 (clean)
2014-05-20 05:49:43.623+0000 INFO  [o.n.k.a.i.i.LuceneLabelScanStore]: Rebuilding lucene scan store, this may take a while
2014-05-20 05:49:43.623+0000 INFO  [o.n.k.a.i.i.LuceneLabelScanStore]: Lucene scan store rebuilt (roughly -1 nodes)
2014-05-20 05:49:44.019+0000 INFO  [o.n.k.i.t.TxManager]: TM new log: tm_tx_log.1
2014-05-20 05:49:46.043+0000 INFO  [o.n.k.i.t.x.XaLogicalLog]: Opened logical log [C:\Users\Jean\Documents\Neo4j\credit card fraud v2\index\lucene.log.1] version=0, lastTxId=1 (clean)
2014-05-20 05:49:47.031+0000 INFO  [o.n.k.i.DiagnosticsManager]: --- STARTED diagnostics for KernelDiagnostics:Versions START ---
2014-05-20 05:49:47.032+0000 INFO  [o.n.k.i.DiagnosticsManager]: Graph Database: org.neo4j.kernel.EmbeddedGraphDatabase StoreId[time:1400564912281, id:1186542836843494669, store version: 13843131341501958]
2014-05-20 05:49:47.032+0000 INFO  [o.n.k.i.DiagnosticsManager]: Kernel version: Neo4j Desktop (neo4j-desktop), version: 2.0.0
2014-05-20 05:49:47.032+0000 INFO  [o.n.k.i.DiagnosticsManager]: Neo4j component versions:
2014-05-20 05:49:47.035+0000 INFO  [o.n.k.i.DiagnosticsManager]:   Neo4j Desktop (neo4j-lucene-index), version: 2.0.0; revision: 2.0.0:master:601/5cfc38672446b92062b3bc209d584591968f1a0f
2014-05-20 05:49:47.035+0000 INFO  [o.n.k.i.DiagnosticsManager]:   Neo4j Desktop (neo4j-graph-algo), version: 2.0.0; revision: 2.0.0:master:601/5cfc38672446b92062b3bc209d584591968f1a0f
2014-05-20 05:49:47.035+0000 INFO  [o.n.k.i.DiagnosticsManager]:   Neo4j Desktop (neo4j-cypher-compiler-2.0), version: 2.0.0; revision: 2.0.0:master:601/5cfc38672446b92062b3bc209d584591968f1a0f
2014-05-20 05:49:47.035+0000 INFO  [o.n.k.i.DiagnosticsManager]:   Neo4j Desktop (neo4j-cypher-compiler-1.9), version: 2.0.0; revision: 2.0.0:master:601/5cfc38672446b92062b3bc209d584591968f1a0f
2014-05-20 05:49:47.035+0000 INFO  [o.n.k.i.DiagnosticsManager]:   Neo4j Desktop (neo4j-udc), version: 2.0.0; revision: 2.0.0:master:601/5cfc38672446b92062b3bc209d584591968f1a0f
2014-05-20 05:49:47.035+0000 INFO  [o.n.k.i.DiagnosticsManager]:   Neo4j Desktop (neo4j-jmx), version: 2.0.0; revision: 2.0.0:master:601/5cfc38672446b92062b3bc209d584591968f1a0f
2014-05-20 05:49:47.035+0000 INFO  [o.n.k.i.DiagnosticsManager]:   Neo4j Desktop (neo4j-graph-matching), version: 2.0.0; revision: 2.0.0:master:601/5cfc38672446b92062b3bc209d584591968f1a0f
2014-05-20 05:49:47.035+0000 INFO  [o.n.k.i.DiagnosticsManager]:   Neo4j Desktop (server-api), version: 2.0.0; revision: 2.0.0:master:601/5cfc38672446b92062b3bc209d584591968f1a0f
2014-05-20 05:49:47.035+0000 INFO  [o.n.k.i.DiagnosticsManager]:   Neo4j Desktop (neo4j-desktop), version: 2.0.0; revision: 2.0.0:master:601/5cfc38672446b92062b3bc209d584591968f1a0f
2014-05-20 05:49:47.035+0000 INFO  [o.n.k.i.DiagnosticsManager]:   Neo4j Desktop (neo4j-cypher), version: 2.0.0; revision: 2.0.0:master:601/5cfc38672446b92062b3bc209d584591968f1a0f
2014-05-20 05:49:47.035+0000 INFO  [o.n.k.i.DiagnosticsManager]:   Neo4j Desktop (neo4j-server), version: 2.0.0; revision: 2.0.0:master:601/5cfc38672446b92062b3bc209d584591968f1a0f
2014-05-20 05:49:47.035+0000 INFO  [o.n.k.i.DiagnosticsManager]:   Neo4j Desktop (neo4j-shell), version: 2.0.0; revision: 2.0.0:master:601/5cfc38672446b92062b3bc209d584591968f1a0f
2014-05-20 05:49:47.035+0000 INFO  [o.n.k.i.DiagnosticsManager]:   Neo4j Desktop (neo4j-cypher-commons), version: 2.0.0; revision: 2.0.0:master:601/5cfc38672446b92062b3bc209d584591968f1a0f
2014-05-20 05:49:47.035+0000 INFO  [o.n.k.i.DiagnosticsManager]: --- STARTED diagnostics for KernelDiagnostics:Versions END ---
2014-05-20 05:49:47.416+0000 INFO  [o.n.k.i.DiagnosticsManager]: --- STARTED diagnostics for NEO_STORE_VERSIONS START ---
2014-05-20 05:49:47.417+0000 INFO  [o.n.k.i.DiagnosticsManager]: Store versions:
2014-05-20 05:49:47.417+0000 INFO  [o.n.k.i.DiagnosticsManager]: Store versions:
2014-05-20 05:49:47.417+0000 INFO  [o.n.k.i.DiagnosticsManager]:   NeoStore v0.A.1
2014-05-20 05:49:47.417+0000 INFO  [o.n.k.i.DiagnosticsManager]:   SchemaStore v0.A.1
2014-05-20 05:49:47.417+0000 INFO  [o.n.k.i.DiagnosticsManager]:   NodeStore v0.A.1
2014-05-20 05:49:47.417+0000 INFO  [o.n.k.i.DiagnosticsManager]:   RelationshipStore v0.A.1
2014-05-20 05:49:47.417+0000 INFO  [o.n.k.i.DiagnosticsManager]:   RelationshipTypeStore v0.A.1
2014-05-20 05:49:47.417+0000 INFO  [o.n.k.i.DiagnosticsManager]:   LabelTokenStore v0.A.1
2014-05-20 05:49:47.417+0000 INFO  [o.n.k.i.DiagnosticsManager]:   PropertyStore v0.A.1
2014-05-20 05:49:47.417+0000 INFO  [o.n.k.i.DiagnosticsManager]:   PropertyIndexStore v0.A.1
2014-05-20 05:49:47.417+0000 INFO  [o.n.k.i.DiagnosticsManager]:   StringPropertyStore v0.A.1
2014-05-20 05:49:47.417+0000 INFO  [o.n.k.i.DiagnosticsManager]:   ArrayPropertyStore v0.A.1
2014-05-20 05:49:47.417+0000 INFO  [o.n.k.i.DiagnosticsManager]: --- STARTED diagnostics for NEO_STORE_VERSIONS END ---
2014-05-20 05:49:47.417+0000 INFO  [o.n.k.i.DiagnosticsManager]: --- STARTED diagnostics for NEO_STORE_ID_USAGE START ---
2014-05-20 05:49:47.417+0000 INFO  [o.n.k.i.DiagnosticsManager]: Id usage:
2014-05-20 05:49:47.417+0000 INFO  [o.n.k.i.DiagnosticsManager]: Id usage:
2014-05-20 05:49:47.418+0000 INFO  [o.n.k.i.DiagnosticsManager]:   SchemaStore: used=1 high=0
2014-05-20 05:49:47.418+0000 INFO  [o.n.k.i.DiagnosticsManager]:   NodeStore: used=0 high=-1
2014-05-20 05:49:47.418+0000 INFO  [o.n.k.i.DiagnosticsManager]:   RelationshipStore: used=0 high=-1
2014-05-20 05:49:47.418+0000 INFO  [o.n.k.i.DiagnosticsManager]:   RelationshipTypeStore: used=0 high=-1
2014-05-20 05:49:47.418+0000 INFO  [o.n.k.i.DiagnosticsManager]:   LabelTokenStore: used=0 high=-1
2014-05-20 05:49:47.418+0000 INFO  [o.n.k.i.DiagnosticsManager]:   PropertyStore: used=0 high=-1
2014-05-20 05:49:47.418+0000 INFO  [o.n.k.i.DiagnosticsManager]:   PropertyIndexStore: used=0 high=-1
2014-05-20 05:49:47.418+0000 INFO  [o.n.k.i.DiagnosticsManager]:   StringPropertyStore: used=1 high=0
2014-05-20 05:49:47.418+0000 INFO  [o.n.k.i.DiagnosticsManager]:   ArrayPropertyStore: used=1 high=0
2014-05-20 05:49:47.418+0000 INFO  [o.n.k.i.DiagnosticsManager]: --- STARTED diagnostics for NEO_STORE_ID_USAGE END ---
2014-05-20 05:49:47.418+0000 INFO  [o.n.k.i.DiagnosticsManager]: --- STARTED diagnostics for PERSISTENCE_WINDOW_POOL_STATS START ---
2014-05-20 05:49:47.418+0000 INFO  [o.n.k.i.DiagnosticsManager]: --- STARTED diagnostics for PERSISTENCE_WINDOW_POOL_STATS END ---
2014-05-20 05:49:47.419+0000 INFO  [o.n.k.i.DiagnosticsManager]: --- STARTED diagnostics for KernelDiagnostics:StoreFiles START ---
2014-05-20 05:49:47.420+0000 INFO  [o.n.k.i.DiagnosticsManager]: Disk space on partition (Total / Free / Free %): 299982909440 / 96720154624 / 32
Storage files: (filename : modification date - size)
2014-05-20 05:49:47.421+0000 INFO  [o.n.k.i.DiagnosticsManager]:   active_tx_log: 2014-05-20T07:49:44+0200 - 11,00 B
2014-05-20 05:49:47.421+0000 INFO  [o.n.k.i.DiagnosticsManager]:   index:
2014-05-20 05:49:47.422+0000 INFO  [o.n.k.i.DiagnosticsManager]:     lucene-store.db: 2014-05-20T07:49:46+0200 - 40,00 B
2014-05-20 05:49:47.422+0000 INFO  [o.n.k.i.DiagnosticsManager]:     lucene.log.1: 2014-05-20T07:49:46+0200 - 16,00 B
2014-05-20 05:49:47.423+0000 INFO  [o.n.k.i.DiagnosticsManager]:     lucene.log.active: 2014-05-20T07:49:46+0200 - 4,00 B
2014-05-20 05:49:47.423+0000 INFO  [o.n.k.i.DiagnosticsManager]:   - Total: 2014-05-20T07:49:46+0200 - 60,00 B
2014-05-20 05:49:47.423+0000 INFO  [o.n.k.i.DiagnosticsManager]:   lock: 2014-05-20T07:48:31+0200 - 0,00 B
2014-05-20 05:49:47.424+0000 INFO  [o.n.k.i.DiagnosticsManager]:   messages.log: 2014-05-20T07:49:37+0200 - 34,38 kB
2014-05-20 05:49:47.424+0000 INFO  [o.n.k.i.DiagnosticsManager]:   neo4j.properties: 2014-05-20T07:47:41+0200 - 1,08 kB
2014-05-20 05:49:47.424+0000 INFO  [o.n.k.i.DiagnosticsManager]:   neostore: 2014-05-20T07:49:28+0200 - 63,00 B
2014-05-20 05:49:47.425+0000 INFO  [o.n.k.i.DiagnosticsManager]:   neostore.id: 2014-05-20T07:49:26+0200 - 9,00 B
2014-05-20 05:49:47.425+0000 INFO  [o.n.k.i.DiagnosticsManager]:   neostore.labeltokenstore.db: 2014-05-20T07:49:28+0200 - 0,00 B
2014-05-20 05:49:47.425+0000 INFO  [o.n.k.i.DiagnosticsManager]:   neostore.labeltokenstore.db.id: 2014-05-20T07:49:07+0200 - 9,00 B
2014-05-20 05:49:47.426+0000 INFO  [o.n.k.i.DiagnosticsManager]:   neostore.labeltokenstore.db.names: 2014-05-20T07:49:28+0200 - 38,00 B
2014-05-20 05:49:47.426+0000 INFO  [o.n.k.i.DiagnosticsManager]:   neostore.labeltokenstore.db.names.id: 2014-05-20T07:49:06+0200 - 9,00 B
2014-05-20 05:49:47.426+0000 INFO  [o.n.k.i.DiagnosticsManager]:   neostore.nodestore.db: 2014-05-20T07:49:28+0200 - 0,00 B
2014-05-20 05:49:47.427+0000 INFO  [o.n.k.i.DiagnosticsManager]:   neostore.nodestore.db.id: 2014-05-20T07:49:23+0200 - 9,00 B
2014-05-20 05:49:47.427+0000 INFO  [o.n.k.i.DiagnosticsManager]:   neostore.nodestore.db.labels: 2014-05-20T07:49:28+0200 - 68,00 B
2014-05-20 05:49:47.427+0000 INFO  [o.n.k.i.DiagnosticsManager]:   neostore.nodestore.db.labels.id: 2014-05-20T07:49:21+0200 - 9,00 B
2014-05-20 05:49:47.428+0000 INFO  [o.n.k.i.DiagnosticsManager]:   neostore.propertystore.db: 2014-05-20T07:49:28+0200 - 0,00 B
2014-05-20 05:49:47.428+0000 INFO  [o.n.k.i.DiagnosticsManager]:   neostore.propertystore.db.arrays: 2014-05-20T07:49:28+0200 - 128,00 B
2014-05-20 05:49:47.428+0000 INFO  [o.n.k.i.DiagnosticsManager]:   neostore.propertystore.db.arrays.id: 2014-05-20T07:49:15+0200 - 9,00 B
2014-05-20 05:49:47.429+0000 INFO  [o.n.k.i.DiagnosticsManager]:   neostore.propertystore.db.id: 2014-05-20T07:49:17+0200 - 9,00 B
2014-05-20 05:49:47.429+0000 INFO  [o.n.k.i.DiagnosticsManager]:   neostore.propertystore.db.index: 2014-05-20T07:49:28+0200 - 0,00 B
2014-05-20 05:49:47.429+0000 INFO  [o.n.k.i.DiagnosticsManager]:   neostore.propertystore.db.index.id: 2014-05-20T07:49:13+0200 - 9,00 B
2014-05-20 05:49:47.430+0000 INFO  [o.n.k.i.DiagnosticsManager]:   neostore.propertystore.db.index.keys: 2014-05-20T07:49:28+0200 - 38,00 B
2014-05-20 05:49:47.430+0000 INFO  [o.n.k.i.DiagnosticsManager]:   neostore.propertystore.db.index.keys.id: 2014-05-20T07:49:12+0200 - 9,00 B
2014-05-20 05:49:47.430+0000 INFO  [o.n.k.i.DiagnosticsManager]:   neostore.propertystore.db.strings: 2014-05-20T07:49:28+0200 - 128,00 B
2014-05-20 05:49:47.431+0000 INFO  [o.n.k.i.DiagnosticsManager]:   neostore.propertystore.db.strings.id: 2014-05-20T07:49:10+0200 - 9,00 B
2014-05-20 05:49:47.431+0000 INFO  [o.n.k.i.DiagnosticsManager]:   neostore.relationshipstore.db: 2014-05-20T07:49:28+0200 - 0,00 B
2014-05-20 05:49:47.432+0000 INFO  [o.n.k.i.DiagnosticsManager]:   neostore.relationshipstore.db.id: 2014-05-20T07:49:19+0200 - 9,00 B
2014-05-20 05:49:47.432+0000 INFO  [o.n.k.i.DiagnosticsManager]:   neostore.relationshiptypestore.db: 2014-05-20T07:49:28+0200 - 0,00 B
2014-05-20 05:49:47.432+0000 INFO  [o.n.k.i.DiagnosticsManager]:   neostore.relationshiptypestore.db.id: 2014-05-20T07:49:04+0200 - 9,00 B
2014-05-20 05:49:47.432+0000 INFO  [o.n.k.i.DiagnosticsManager]:   neostore.relationshiptypestore.db.names: 2014-05-20T07:49:28+0200 - 38,00 B
2014-05-20 05:49:47.433+0000 INFO  [o.n.k.i.DiagnosticsManager]:   neostore.relationshiptypestore.db.names.id: 2014-05-20T07:49:02+0200 - 9,00 B
2014-05-20 05:49:47.433+0000 INFO  [o.n.k.i.DiagnosticsManager]:   neostore.schemastore.db: 2014-05-20T07:49:28+0200 - 64,00 B
2014-05-20 05:49:47.433+0000 INFO  [o.n.k.i.DiagnosticsManager]:   neostore.schemastore.db.id: 2014-05-20T07:49:24+0200 - 9,00 B
2014-05-20 05:49:47.434+0000 INFO  [o.n.k.i.DiagnosticsManager]:   nioneo_logical.log.1: 2014-05-20T07:49:43+0200 - 16,00 B
2014-05-20 05:49:47.434+0000 INFO  [o.n.k.i.DiagnosticsManager]:   nioneo_logical.log.active: 2014-05-20T07:49:43+0200 - 4,00 B
2014-05-20 05:49:47.434+0000 INFO  [o.n.k.i.DiagnosticsManager]:   schema:
2014-05-20 05:49:47.434+0000 INFO  [o.n.k.i.DiagnosticsManager]:     label:
2014-05-20 05:49:47.435+0000 INFO  [o.n.k.i.DiagnosticsManager]:       lucene:
2014-05-20 05:49:47.435+0000 INFO  [o.n.k.i.DiagnosticsManager]:         write.lock: 2014-05-20T07:49:38+0200 - 0,00 B
2014-05-20 05:49:47.435+0000 INFO  [o.n.k.i.DiagnosticsManager]:       - Total: 2014-05-20T07:49:38+0200 - 0,00 B
2014-05-20 05:49:47.436+0000 INFO  [o.n.k.i.DiagnosticsManager]:     - Total: 2014-05-20T07:49:33+0200 - 0,00 B
2014-05-20 05:49:47.436+0000 INFO  [o.n.k.i.DiagnosticsManager]:   - Total: 2014-05-20T07:49:31+0200 - 0,00 B
2014-05-20 05:49:47.436+0000 INFO  [o.n.k.i.DiagnosticsManager]:   store_lock: 2014-05-20T07:48:31+0200 - 0,00 B
2014-05-20 05:49:47.436+0000 INFO  [o.n.k.i.DiagnosticsManager]:   tm_tx_log.1: 2014-05-20T07:49:45+0200 - 0,00 B
2014-05-20 05:49:47.436+0000 INFO  [o.n.k.i.DiagnosticsManager]: --- STARTED diagnostics for KernelDiagnostics:StoreFiles END ---
2014-05-20 05:49:49.262+0000 INFO  [o.n.k.EmbeddedGraphDatabase]: GC Monitor started. 
2014-05-20 05:49:49.263+0000 INFO  [o.n.k.EmbeddedGraphDatabase]: Database is now ready
2014-05-20 05:49:49.263+0000 INFO  [o.n.k.EmbeddedGraphDatabase]: Shutdown started
2014-05-20 05:49:49.263+0000 INFO  [o.n.k.EmbeddedGraphDatabase]: Database is now unavailable
2014-05-20 05:49:49.264+0000 INFO  [o.n.k.EmbeddedGraphDatabase]: GC Monitor stopped. 
2014-05-20 05:49:50.585+0000 INFO  [o.n.k.i.t.x.XaLogicalLog]: Closed log C:\Users\Jean\Documents\Neo4j\credit card fraud v2\index\lucene.log
2014-05-20 05:49:50.884+0000 INFO  [o.n.k.i.t.TxManager]: TM shutting down
2014-05-20 05:49:57.136+0000 INFO  [o.n.k.i.t.x.XaLogicalLog]: Closed log C:\Users\Jean\Documents\Neo4j\credit card fraud v2\nioneo_logical.log
2014-05-20 05:50:02.183+0000 INFO  [o.n.k.i.n.s.StoreFactory]: C:\Users\Jean\Documents\Neo4j\credit card fraud v2\neostore.relationshiptypestore.db.names hit=0 miss=0 switches=0 ooe=0
2014-05-20 05:50:03.577+0000 INFO  [o.n.k.i.n.s.StoreFactory]: C:\Users\Jean\Documents\Neo4j\credit card fraud v2\neostore.relationshiptypestore.db hit=0 miss=0 switches=0 ooe=0
2014-05-20 05:50:04.886+0000 INFO  [o.n.k.i.n.s.StoreFactory]: C:\Users\Jean\Documents\Neo4j\credit card fraud v2\neostore.labeltokenstore.db.names hit=0 miss=0 switches=0 ooe=0
2014-05-20 05:50:06.032+0000 INFO  [o.n.k.i.n.s.StoreFactory]: C:\Users\Jean\Documents\Neo4j\credit card fraud v2\neostore.labeltokenstore.db hit=0 miss=0 switches=0 ooe=0
2014-05-20 05:50:07.453+0000 INFO  [o.n.k.i.n.s.StoreFactory]: C:\Users\Jean\Documents\Neo4j\credit card fraud v2\neostore.propertystore.db.strings hit=0 miss=0 switches=0 ooe=0
2014-05-20 05:50:09.009+0000 INFO  [o.n.k.i.n.s.StoreFactory]: C:\Users\Jean\Documents\Neo4j\credit card fraud v2\neostore.propertystore.db.index.keys hit=0 miss=0 switches=0 ooe=0
2014-05-20 05:50:10.465+0000 INFO  [o.n.k.i.n.s.StoreFactory]: C:\Users\Jean\Documents\Neo4j\credit card fraud v2\neostore.propertystore.db.index hit=0 miss=0 switches=0 ooe=0
2014-05-20 05:50:11.708+0000 INFO  [o.n.k.i.n.s.StoreFactory]: C:\Users\Jean\Documents\Neo4j\credit card fraud v2\neostore.propertystore.db.arrays hit=0 miss=0 switches=0 ooe=0
2014-05-20 05:50:13.250+0000 INFO  [o.n.k.i.n.s.StoreFactory]: C:\Users\Jean\Documents\Neo4j\credit card fraud v2\neostore.propertystore.db hit=0 miss=0 switches=0 ooe=0
2014-05-20 05:50:14.784+0000 INFO  [o.n.k.i.n.s.StoreFactory]: C:\Users\Jean\Documents\Neo4j\credit card fraud v2\neostore.relationshipstore.db hit=0 miss=0 switches=0 ooe=0
2014-05-20 05:50:15.632+0000 INFO  [o.n.k.i.n.s.StoreFactory]: C:\Users\Jean\Documents\Neo4j\credit card fraud v2\neostore.nodestore.db.labels hit=0 miss=0 switches=0 ooe=0
2014-05-20 05:50:17.335+0000 INFO  [o.n.k.i.n.s.StoreFactory]: C:\Users\Jean\Documents\Neo4j\credit card fraud v2\neostore.nodestore.db hit=0 miss=0 switches=0 ooe=0
2014-05-20 05:50:20.190+0000 INFO  [o.n.k.i.n.s.StoreFactory]: C:\Users\Jean\Documents\Neo4j\credit card fraud v2\neostore.schemastore.db hit=0 miss=0 switches=0 ooe=0
2014-05-20 05:50:22.357+0000 INFO  [o.n.k.i.n.s.StoreFactory]: C:\Users\Jean\Documents\Neo4j\credit card fraud v2\neostore hit=0 miss=16 switches=0 ooe=0
2014-05-20 05:50:23.484+0000 INFO  [o.n.k.i.n.x.NeoStoreXaDataSource]: NeoStore closed
2014-05-20 05:50:23.484+0000 INFO  [o.n.k.i.DiagnosticsManager]: --- STOPPING diagnostics START ---
2014-05-20 05:50:23.484+0000 INFO  [o.n.k.i.DiagnosticsManager]: --- STOPPING diagnostics END ---
2014-05-20 05:50:23.585+0000 INFO  [o.n.k.i.DiagnosticsManager]: --- INITIALIZED diagnostics START ---
2014-05-20 05:50:23.585+0000 INFO  [o.n.k.i.DiagnosticsManager]: Neo4j Kernel properties:
2014-05-20 05:50:23.585+0000 INFO  [o.n.k.i.DiagnosticsManager]: neostore.propertystore.db.mapped_memory=108M
2014-05-20 05:50:23.585+0000 INFO  [o.n.k.i.DiagnosticsManager]: neostore.nodestore.db.mapped_memory=29M
2014-05-20 05:50:23.585+0000 INFO  [o.n.k.i.DiagnosticsManager]: neostore.propertystore.db.strings.mapped_memory=91M
2014-05-20 05:50:23.585+0000 INFO  [o.n.k.i.DiagnosticsManager]: neo4j.ext.udc.source=server
2014-05-20 05:50:23.585+0000 INFO  [o.n.k.i.DiagnosticsManager]: store_dir=C:\Users\Jean\Documents\Neo4j\credit card fraud v2
2014-05-20 05:50:23.585+0000 INFO  [o.n.k.i.DiagnosticsManager]: neostore.relationshipstore.db.mapped_memory=132M
2014-05-20 05:50:23.585+0000 INFO  [o.n.k.i.DiagnosticsManager]: keep_logical_logs=true
2014-05-20 05:50:23.585+0000 INFO  [o.n.k.i.DiagnosticsManager]: neostore.propertystore.db.arrays.mapped_memory=104M
2014-05-20 05:50:23.585+0000 INFO  [o.n.k.i.DiagnosticsManager]: remote_shell_enabled=true
2014-05-20 05:50:23.585+0000 INFO  [o.n.k.i.DiagnosticsManager]: ephemeral=false
2014-05-20 05:50:23.585+0000 INFO  [o.n.k.i.DiagnosticsManager]: Diagnostics providers:
2014-05-20 05:50:23.585+0000 INFO  [o.n.k.i.DiagnosticsManager]: org.neo4j.kernel.configuration.Config
2014-05-20 05:50:23.586+0000 INFO  [o.n.k.i.DiagnosticsManager]: org.neo4j.kernel.info.DiagnosticsManager
2014-05-20 05:50:23.586+0000 INFO  [o.n.k.i.DiagnosticsManager]: SYSTEM_MEMORY
2014-05-20 05:50:23.586+0000 INFO  [o.n.k.i.DiagnosticsManager]: JAVA_MEMORY
2014-05-20 05:50:23.586+0000 INFO  [o.n.k.i.DiagnosticsManager]: OPERATING_SYSTEM
2014-05-20 05:50:23.586+0000 INFO  [o.n.k.i.DiagnosticsManager]: JAVA_VIRTUAL_MACHINE
2014-05-20 05:50:23.586+0000 INFO  [o.n.k.i.DiagnosticsManager]: CLASSPATH
2014-05-20 05:50:23.586+0000 INFO  [o.n.k.i.DiagnosticsManager]: LIBRARY_PATH
2014-05-20 05:50:23.586+0000 INFO  [o.n.k.i.DiagnosticsManager]: SYSTEM_PROPERTIES
2014-05-20 05:50:23.586+0000 INFO  [o.n.k.i.DiagnosticsManager]: NETWORK
2014-05-20 05:50:23.586+0000 INFO  [o.n.k.i.DiagnosticsManager]: System memory information:
2014-05-20 05:50:23.586+0000 INFO  [o.n.k.i.DiagnosticsManager]: Total Physical memory: 7,75 GB
2014-05-20 05:50:23.586+0000 INFO  [o.n.k.i.DiagnosticsManager]: Free Physical memory: 4,51 GB
2014-05-20 05:50:23.586+0000 INFO  [o.n.k.i.DiagnosticsManager]: Committed virtual memory: 284,19 MB
2014-05-20 05:50:23.586+0000 INFO  [o.n.k.i.DiagnosticsManager]: Total swap space: 15,49 GB
2014-05-20 05:50:23.587+0000 INFO  [o.n.k.i.DiagnosticsManager]: Free swap space: 10,77 GB
2014-05-20 05:50:23.587+0000 INFO  [o.n.k.i.DiagnosticsManager]: JVM memory information:
2014-05-20 05:50:23.587+0000 INFO  [o.n.k.i.DiagnosticsManager]: Free  memory: 91,41 MB
2014-05-20 05:50:23.587+0000 INFO  [o.n.k.i.DiagnosticsManager]: Total memory: 118,88 MB
2014-05-20 05:50:23.587+0000 INFO  [o.n.k.i.DiagnosticsManager]: Max   memory: 1,72 GB
2014-05-20 05:50:23.587+0000 INFO  [o.n.k.i.DiagnosticsManager]: Garbage Collector: PS Scavenge: [PS Eden Space, PS Survivor Space]
2014-05-20 05:50:23.588+0000 INFO  [o.n.k.i.DiagnosticsManager]: Garbage Collector: PS MarkSweep: [PS Eden Space, PS Survivor Space, PS Old Gen, PS Perm Gen]
2014-05-20 05:50:23.588+0000 INFO  [o.n.k.i.DiagnosticsManager]: Memory Pool: Code Cache (Non-heap memory): committed=2,44 MB, used=1,04 MB, max=48,00 MB, threshold=0,00 B
2014-05-20 05:50:23.588+0000 INFO  [o.n.k.i.DiagnosticsManager]: Memory Pool: PS Eden Space (Heap memory): committed=31,06 MB, used=15,92 MB, max=651,06 MB, threshold=?
2014-05-20 05:50:23.589+0000 INFO  [o.n.k.i.DiagnosticsManager]: Memory Pool: PS Survivor Space (Heap memory): committed=5,13 MB, used=5,10 MB, max=5,13 MB, threshold=?
2014-05-20 05:50:23.589+0000 INFO  [o.n.k.i.DiagnosticsManager]: Memory Pool: PS Old Gen (Heap memory): committed=82,69 MB, used=6,45 MB, max=1,29 GB, threshold=0,00 B
2014-05-20 05:50:23.589+0000 INFO  [o.n.k.i.DiagnosticsManager]: Memory Pool: PS Perm Gen (Non-heap memory): committed=27,31 MB, used=27,23 MB, max=82,00 MB, threshold=0,00 B
2014-05-20 05:50:23.589+0000 INFO  [o.n.k.i.DiagnosticsManager]: Operating system information:
2014-05-20 05:50:23.590+0000 INFO  [o.n.k.i.DiagnosticsManager]: Operating System: Windows 7; version: 6.1; arch: amd64; cpus: 3
2014-05-20 05:50:23.590+0000 INFO  [o.n.k.i.DiagnosticsManager]: Process id: 6516@Jean-PC
2014-05-20 05:50:23.590+0000 INFO  [o.n.k.i.DiagnosticsManager]: Byte order: LITTLE_ENDIAN
2014-05-20 05:50:23.590+0000 INFO  [o.n.k.i.DiagnosticsManager]: Local timezone: Europe/Paris
2014-05-20 05:50:23.590+0000 INFO  [o.n.k.i.DiagnosticsManager]: JVM information:
2014-05-20 05:50:23.590+0000 INFO  [o.n.k.i.DiagnosticsManager]: VM Name: Java HotSpot(TM) 64-Bit Server VM
2014-05-20 05:50:23.590+0000 INFO  [o.n.k.i.DiagnosticsManager]: VM Vendor: Oracle Corporation
2014-05-20 05:50:23.590+0000 INFO  [o.n.k.i.DiagnosticsManager]: VM Version: 22.1-b02
2014-05-20 05:50:23.590+0000 INFO  [o.n.k.i.DiagnosticsManager]: JIT compiler: HotSpot 64-Bit Tiered Compilers
2014-05-20 05:50:23.590+0000 INFO  [o.n.k.i.DiagnosticsManager]: VM Arguments: [-Dexe4j.semaphoreName=Local\c:_program_files_neo4j_community_bin_neo4j-community.exe, -Dexe4j.isInstall4j=true, -Dexe4j.moduleName=C:\Program Files\Neo4j Community\bin\neo4j-community.exe, -Dexe4j.processCommFile=C:\Users\Jean\AppData\Local\Temp\e4j_p6516.tmp, -Dexe4j.tempDir=, -Dexe4j.unextractedPosition=0, -Djava.library.path=C:\Windows\system32;C:\Windows;C:\Windows\System32\Wbem;C:\Windows\System32\WindowsPowerShell\v1.0\;C:\Program Files (x86)\nodejs\;C:\Program Files (x86)\QuickTime\QTSystem\;C:\Users\Jean\AppData\Roaming\npm;c:\program files\java\jre7\bin, -Dexe4j.consoleCodepage=cp0, -Dinstall4j.launcherId=24, -Dinstall4j.swt=false]
2014-05-20 05:50:23.590+0000 INFO  [o.n.k.i.DiagnosticsManager]: Java classpath:
2014-05-20 05:50:23.592+0000 INFO  [o.n.k.i.DiagnosticsManager]:  [bootstrap] C:\Program Files\Java\jre7\lib\resources.jar
2014-05-20 05:50:23.592+0000 INFO  [o.n.k.i.DiagnosticsManager]:  [classpath] C:\Program Files\Neo4j Community\.install4j\i4jruntime.jar
2014-05-20 05:50:23.592+0000 INFO  [o.n.k.i.DiagnosticsManager]:  [loader.1] file:/C:/Program%20Files/Java/jre7/lib/ext/localedata.jar
2014-05-20 05:50:23.592+0000 INFO  [o.n.k.i.DiagnosticsManager]:  [loader.0] file:/C:/Program%20Files/Neo4j%20Community/bin/neo4j-desktop-2.0.0.jar
2014-05-20 05:50:23.592+0000 INFO  [o.n.k.i.DiagnosticsManager]:  [loader.1] file:/C:/Program%20Files/Java/jre7/lib/ext/zipfs.jar
2014-05-20 05:50:23.592+0000 INFO  [o.n.k.i.DiagnosticsManager]:  [bootstrap] C:\Program Files\Java\jre7\classes
2014-05-20 05:50:23.592+0000 INFO  [o.n.k.i.DiagnosticsManager]:  [loader.1] file:/C:/Program%20Files/Java/jre7/lib/ext/sunjce_provider.jar
2014-05-20 05:50:23.592+0000 INFO  [o.n.k.i.DiagnosticsManager]:  [classpath] C:\Program Files\Neo4j Community\bin\neo4j-desktop-2.0.0.jar
2014-05-20 05:50:23.593+0000 INFO  [o.n.k.i.DiagnosticsManager]:  [bootstrap] C:\Program Files\Java\jre7\lib\jsse.jar
2014-05-20 05:50:23.593+0000 INFO  [o.n.k.i.DiagnosticsManager]:  [loader.1] file:/C:/Program%20Files/Java/jre7/lib/ext/sunmscapi.jar
2014-05-20 05:50:23.593+0000 INFO  [o.n.k.i.DiagnosticsManager]:  [loader.0] file:/C:/Program%20Files/Neo4j%20Community/bin/
2014-05-20 05:50:23.593+0000 INFO  [o.n.k.i.DiagnosticsManager]:  [bootstrap] C:\Program Files\Java\jre7\lib\jce.jar
2014-05-20 05:50:23.593+0000 INFO  [o.n.k.i.DiagnosticsManager]:  [bootstrap] C:\Program Files\Java\jre7\lib\rt.jar
2014-05-20 05:50:23.593+0000 INFO  [o.n.k.i.DiagnosticsManager]:  [bootstrap] C:\Program Files\Java\jre7\lib\sunrsasign.jar
2014-05-20 05:50:23.593+0000 INFO  [o.n.k.i.DiagnosticsManager]:  [loader.1] file:/C:/Program%20Files/Java/jre7/lib/ext/dnsns.jar
2014-05-20 05:50:23.593+0000 INFO  [o.n.k.i.DiagnosticsManager]:  [bootstrap] C:\Program Files\Java\jre7\lib\charsets.jar
2014-05-20 05:50:23.593+0000 INFO  [o.n.k.i.DiagnosticsManager]:  [loader.0] file:/C:/Program%20Files/Neo4j%20Community/.install4j/i4jruntime.jar
2014-05-20 05:50:23.593+0000 INFO  [o.n.k.i.DiagnosticsManager]:  [loader.1] file:/C:/Program%20Files/Java/jre7/lib/ext/sunec.jar
2014-05-20 05:50:23.593+0000 INFO  [o.n.k.i.DiagnosticsManager]: Library path:
2014-05-20 05:50:23.593+0000 INFO  [o.n.k.i.DiagnosticsManager]: C:\Windows\System32
2014-05-20 05:50:23.593+0000 INFO  [o.n.k.i.DiagnosticsManager]: C:\Windows
2014-05-20 05:50:23.593+0000 INFO  [o.n.k.i.DiagnosticsManager]: C:\Windows\System32\wbem
2014-05-20 05:50:23.594+0000 INFO  [o.n.k.i.DiagnosticsManager]: C:\Windows\System32\WindowsPowerShell\v1.0
2014-05-20 05:50:23.594+0000 INFO  [o.n.k.i.DiagnosticsManager]: C:\Program Files (x86)\nodejs
2014-05-20 05:50:23.594+0000 INFO  [o.n.k.i.DiagnosticsManager]: C:\Program Files (x86)\QuickTime\QTSystem
2014-05-20 05:50:23.594+0000 INFO  [o.n.k.i.DiagnosticsManager]: C:\Users\Jean\AppData\Roaming\npm
2014-05-20 05:50:23.595+0000 INFO  [o.n.k.i.DiagnosticsManager]: C:\Program Files\Java\jre7\bin
2014-05-20 05:50:23.595+0000 INFO  [o.n.k.i.DiagnosticsManager]: System.properties:
2014-05-20 05:50:23.595+0000 INFO  [o.n.k.i.DiagnosticsManager]: exe4j.moduleName = C:\Program Files\Neo4j Community\bin\neo4j-community.exe
2014-05-20 05:50:23.595+0000 INFO  [o.n.k.i.DiagnosticsManager]: exe4j.processCommFile = C:\Users\Jean\AppData\Local\Temp\e4j_p6516.tmp
2014-05-20 05:50:23.595+0000 INFO  [o.n.k.i.DiagnosticsManager]: exe4j.semaphoreName = Local\c:_program_files_neo4j_community_bin_neo4j-community.exe
2014-05-20 05:50:23.595+0000 INFO  [o.n.k.i.DiagnosticsManager]: sun.boot.library.path = c:\program files\java\jre7\bin
2014-05-20 05:50:23.595+0000 INFO  [o.n.k.i.DiagnosticsManager]: user.country.format = FR
2014-05-20 05:50:23.595+0000 INFO  [o.n.k.i.DiagnosticsManager]: exe4j.consoleCodepage = cp0
2014-05-20 05:50:23.595+0000 INFO  [o.n.k.i.DiagnosticsManager]: path.separator = ;
2014-05-20 05:50:23.595+0000 INFO  [o.n.k.i.DiagnosticsManager]: file.encoding.pkg = sun.io
2014-05-20 05:50:23.595+0000 INFO  [o.n.k.i.DiagnosticsManager]: user.country = US
2014-05-20 05:50:23.595+0000 INFO  [o.n.k.i.DiagnosticsManager]: user.script = 
2014-05-20 05:50:23.595+0000 INFO  [o.n.k.i.DiagnosticsManager]: sun.os.patch.level = Service Pack 1
2014-05-20 05:50:23.595+0000 INFO  [o.n.k.i.DiagnosticsManager]: install4j.exeDir = C:\Program Files\Neo4j Community\bin\
2014-05-20 05:50:23.595+0000 INFO  [o.n.k.i.DiagnosticsManager]: user.dir = C:\Program Files\Neo4j Community\bin
2014-05-20 05:50:23.595+0000 INFO  [o.n.k.i.DiagnosticsManager]: user.variant = 
2014-05-20 05:50:23.595+0000 INFO  [o.n.k.i.DiagnosticsManager]: exe4j.tempDir = 
2014-05-20 05:50:23.595+0000 INFO  [o.n.k.i.DiagnosticsManager]: sun.jnu.encoding = Cp1252
2014-05-20 05:50:23.595+0000 INFO  [o.n.k.i.DiagnosticsManager]: sun.awt.enableExtraMouseButtons = true
2014-05-20 05:50:23.595+0000 INFO  [o.n.k.i.DiagnosticsManager]: install4j.launcherId = 24
2014-05-20 05:50:23.596+0000 INFO  [o.n.k.i.DiagnosticsManager]: sun.management.compiler = HotSpot 64-Bit Tiered Compilers
2014-05-20 05:50:23.596+0000 INFO  [o.n.k.i.DiagnosticsManager]: exe4j.isInstall4j = true
2014-05-20 05:50:23.596+0000 INFO  [o.n.k.i.DiagnosticsManager]: install4j.swt = false
2014-05-20 05:50:23.596+0000 INFO  [o.n.k.i.DiagnosticsManager]: user.home = C:\Users\Jean
2014-05-20 05:50:23.596+0000 INFO  [o.n.k.i.DiagnosticsManager]: user.timezone = Europe/Paris
2014-05-20 05:50:23.596+0000 INFO  [o.n.k.i.DiagnosticsManager]: file.encoding = Cp1252
2014-05-20 05:50:23.596+0000 INFO  [o.n.k.i.DiagnosticsManager]: neo4j.ext.udc.launcher = desktop
2014-05-20 05:50:23.596+0000 INFO  [o.n.k.i.DiagnosticsManager]: user.name = Jean
2014-05-20 05:50:23.596+0000 INFO  [o.n.k.i.DiagnosticsManager]: sun.java.command = C:\Program Files\Neo4j Community\bin\neo4j-community.exe
2014-05-20 05:50:23.596+0000 INFO  [o.n.k.i.DiagnosticsManager]: sun.arch.data.model = 64
2014-05-20 05:50:23.596+0000 INFO  [o.n.k.i.DiagnosticsManager]: exe4j.launchName = C:\Program Files\Neo4j Community\bin\neo4j-community.exe
2014-05-20 05:50:23.596+0000 INFO  [o.n.k.i.DiagnosticsManager]: user.language = en
2014-05-20 05:50:23.596+0000 INFO  [o.n.k.i.DiagnosticsManager]: user.language.format = fr
2014-05-20 05:50:23.596+0000 INFO  [o.n.k.i.DiagnosticsManager]: awt.toolkit = sun.awt.windows.WToolkit
2014-05-20 05:50:23.596+0000 INFO  [o.n.k.i.DiagnosticsManager]: exe4j.unextractedPosition = 0
2014-05-20 05:50:23.596+0000 INFO  [o.n.k.i.DiagnosticsManager]: install4j.appDir = C:\Program Files\Neo4j Community\
2014-05-20 05:50:23.596+0000 INFO  [o.n.k.i.DiagnosticsManager]: file.separator = \
2014-05-20 05:50:23.596+0000 INFO  [o.n.k.i.DiagnosticsManager]: sun.io.unicode.encoding = UnicodeLittle
2014-05-20 05:50:23.596+0000 INFO  [o.n.k.i.DiagnosticsManager]: sun.cpu.endian = little
2014-05-20 05:50:23.596+0000 INFO  [o.n.k.i.DiagnosticsManager]: sun.desktop = windows
2014-05-20 05:50:23.596+0000 INFO  [o.n.k.i.DiagnosticsManager]: sun.cpu.isalist = amd64
2014-05-20 05:50:23.596+0000 INFO  [o.n.k.i.DiagnosticsManager]: Network information:
2014-05-20 05:50:23.691+0000 INFO  [o.n.k.i.DiagnosticsManager]: Interface Software Loopback Interface 1:
2014-05-20 05:50:23.691+0000 INFO  [o.n.k.i.DiagnosticsManager]:     address: 127.0.0.1
2014-05-20 05:50:23.691+0000 INFO  [o.n.k.i.DiagnosticsManager]:     address: 0:0:0:0:0:0:0:1
2014-05-20 05:50:23.691+0000 INFO  [o.n.k.i.DiagnosticsManager]: Interface WAN Miniport (SSTP):
2014-05-20 05:50:23.691+0000 INFO  [o.n.k.i.DiagnosticsManager]: Interface WAN Miniport (L2TP):
2014-05-20 05:50:23.691+0000 INFO  [o.n.k.i.DiagnosticsManager]: Interface WAN Miniport (PPTP):
2014-05-20 05:50:23.692+0000 INFO  [o.n.k.i.DiagnosticsManager]: Interface WAN Miniport (PPPOE):
2014-05-20 05:50:23.692+0000 INFO  [o.n.k.i.DiagnosticsManager]: Interface WAN Miniport (IPv6):
2014-05-20 05:50:23.692+0000 INFO  [o.n.k.i.DiagnosticsManager]: Interface WAN Miniport (Network Monitor):
2014-05-20 05:50:23.692+0000 INFO  [o.n.k.i.DiagnosticsManager]: Interface WAN Miniport (IP):
2014-05-20 05:50:23.692+0000 INFO  [o.n.k.i.DiagnosticsManager]: Interface RAS Async Adapter:
2014-05-20 05:50:23.692+0000 INFO  [o.n.k.i.DiagnosticsManager]: Interface WAN Miniport (IKEv2):
2014-05-20 05:50:23.692+0000 INFO  [o.n.k.i.DiagnosticsManager]: Interface Realtek PCIe GBE Family Controller:
2014-05-20 05:50:23.692+0000 INFO  [o.n.k.i.DiagnosticsManager]:     address: 192.168.0.10
2014-05-20 05:50:23.692+0000 INFO  [o.n.k.i.DiagnosticsManager]:     address: fe80:0:0:0:f011:bba2:e018:cab8%11
2014-05-20 05:50:23.692+0000 INFO  [o.n.k.i.DiagnosticsManager]: Interface Teredo Tunneling Pseudo-Interface:
2014-05-20 05:50:23.692+0000 INFO  [o.n.k.i.DiagnosticsManager]:     address: 2001:0:9d38:6ab8:1483:2e5f:3f57:fff5
2014-05-20 05:50:23.692+0000 INFO  [o.n.k.i.DiagnosticsManager]:     address: fe80:0:0:0:1483:2e5f:3f57:fff5%12
2014-05-20 05:50:23.692+0000 INFO  [o.n.k.i.DiagnosticsManager]: Interface Realtek PCIe GBE Family Controller - VirtualBox Bridged Networking Driver Miniport:
2014-05-20 05:50:23.692+0000 INFO  [o.n.k.i.DiagnosticsManager]: Interface VirtualBox Host-Only Ethernet Adapter:
2014-05-20 05:50:23.692+0000 INFO  [o.n.k.i.DiagnosticsManager]:     address: 192.168.56.1
2014-05-20 05:50:23.692+0000 INFO  [o.n.k.i.DiagnosticsManager]:     address: fe80:0:0:0:19f8:6be6:c5c2:10c4%14
2014-05-20 05:50:23.693+0000 INFO  [o.n.k.i.DiagnosticsManager]: Interface Microsoft ISATAP Adapter #2:
2014-05-20 05:50:23.693+0000 INFO  [o.n.k.i.DiagnosticsManager]: Interface Apple Mobile Device Ethernet:
2014-05-20 05:50:23.693+0000 INFO  [o.n.k.i.DiagnosticsManager]: Interface Apple Mobile Device Ethernet - VirtualBox Bridged Networking Driver Miniport:
2014-05-20 05:50:23.693+0000 INFO  [o.n.k.i.DiagnosticsManager]: Interface Microsoft 6to4 Adapter:
2014-05-20 05:50:23.693+0000 INFO  [o.n.k.i.DiagnosticsManager]: Interface Microsoft ISATAP Adapter:
2014-05-20 05:50:23.693+0000 INFO  [o.n.k.i.DiagnosticsManager]: Interface WAN Miniport (Network Monitor)-QoS Packet Scheduler-0000:
2014-05-20 05:50:23.693+0000 INFO  [o.n.k.i.DiagnosticsManager]: Interface WAN Miniport (IP)-QoS Packet Scheduler-0000:
2014-05-20 05:50:23.693+0000 INFO  [o.n.k.i.DiagnosticsManager]: Interface WAN Miniport (IPv6)-QoS Packet Scheduler-0000:
2014-05-20 05:50:23.693+0000 INFO  [o.n.k.i.DiagnosticsManager]: Interface VirtualBox Host-Only Ethernet Adapter-QoS Packet Scheduler-0000:
2014-05-20 05:50:23.693+0000 INFO  [o.n.k.i.DiagnosticsManager]: Interface VirtualBox Host-Only Ethernet Adapter-WFP LightWeight Filter-0000:
2014-05-20 05:50:23.693+0000 INFO  [o.n.k.i.DiagnosticsManager]: Interface Realtek PCIe GBE Family Controller - VirtualBox Bridged Networking Driver Miniport-QoS Packet Scheduler-0000:
2014-05-20 05:50:23.693+0000 INFO  [o.n.k.i.DiagnosticsManager]: Interface Realtek PCIe GBE Family Controller - VirtualBox Bridged Networking Driver Miniport-WFP LightWeight Filter-0000:
2014-05-20 05:50:23.693+0000 INFO  [o.n.k.i.DiagnosticsManager]: --- INITIALIZED diagnostics END ---
2014-05-20 05:50:23.706+0000 INFO  [o.n.k.i.n.s.StoreFactory]: [C:\Users\Jean\Documents\Neo4j\credit card fraud v2\neostore.relationshiptypestore.db.names] brickCount=0 brickSize=0b mappedMem=0b (storeSize=38b)
2014-05-20 05:50:23.706+0000 INFO  [o.n.k.i.n.s.StoreFactory]: [C:\Users\Jean\Documents\Neo4j\credit card fraud v2\neostore.relationshiptypestore.db] brickCount=0 brickSize=0b mappedMem=0b (storeSize=0b)
2014-05-20 05:50:23.707+0000 INFO  [o.n.k.i.n.s.StoreFactory]: [C:\Users\Jean\Documents\Neo4j\credit card fraud v2\neostore.labeltokenstore.db.names] brickCount=0 brickSize=0b mappedMem=0b (storeSize=38b)
2014-05-20 05:50:23.707+0000 INFO  [o.n.k.i.n.s.StoreFactory]: [C:\Users\Jean\Documents\Neo4j\credit card fraud v2\neostore.labeltokenstore.db] brickCount=0 brickSize=0b mappedMem=0b (storeSize=0b)
2014-05-20 05:50:23.708+0000 INFO  [o.n.k.i.n.s.StoreFactory]: [C:\Users\Jean\Documents\Neo4j\credit card fraud v2\neostore.propertystore.db.strings] brickCount=0 brickSize=95360b mappedMem=95420416b (storeSize=128b)
2014-05-20 05:50:23.709+0000 INFO  [o.n.k.i.n.s.StoreFactory]: [C:\Users\Jean\Documents\Neo4j\credit card fraud v2\neostore.propertystore.db.index.keys] brickCount=0 brickSize=0b mappedMem=0b (storeSize=38b)
2014-05-20 05:50:23.709+0000 INFO  [o.n.k.i.n.s.StoreFactory]: [C:\Users\Jean\Documents\Neo4j\credit card fraud v2\neostore.propertystore.db.index] brickCount=0 brickSize=0b mappedMem=0b (storeSize=0b)
2014-05-20 05:50:23.710+0000 INFO  [o.n.k.i.n.s.StoreFactory]: [C:\Users\Jean\Documents\Neo4j\credit card fraud v2\neostore.propertystore.db.arrays] brickCount=0 brickSize=108928b mappedMem=109051904b (storeSize=128b)
2014-05-20 05:50:23.711+0000 INFO  [o.n.k.i.n.s.StoreFactory]: [C:\Users\Jean\Documents\Neo4j\credit card fraud v2\neostore.propertystore.db] brickCount=0 brickSize=1132461b mappedMem=113246208b (storeSize=0b)
2014-05-20 05:50:23.711+0000 INFO  [o.n.k.i.n.s.StoreFactory]: [C:\Users\Jean\Documents\Neo4j\credit card fraud v2\neostore.relationshipstore.db] brickCount=0 brickSize=1384119b mappedMem=138412032b (storeSize=0b)
2014-05-20 05:50:23.712+0000 INFO  [o.n.k.i.n.s.StoreFactory]: [C:\Users\Jean\Documents\Neo4j\credit card fraud v2\neostore.nodestore.db.labels] brickCount=0 brickSize=0b mappedMem=0b (storeSize=68b)
2014-05-20 05:50:23.713+0000 INFO  [o.n.k.i.n.s.StoreFactory]: [C:\Users\Jean\Documents\Neo4j\credit card fraud v2\neostore.nodestore.db] brickCount=0 brickSize=304080b mappedMem=30408704b (storeSize=0b)
2014-05-20 05:50:23.713+0000 INFO  [o.n.k.i.n.s.StoreFactory]: [C:\Users\Jean\Documents\Neo4j\credit card fraud v2\neostore.schemastore.db] brickCount=0 brickSize=0b mappedMem=0b (storeSize=64b)
2014-05-20 05:50:23.714+0000 INFO  [o.n.k.i.n.s.StoreFactory]: [C:\Users\Jean\Documents\Neo4j\credit card fraud v2\neostore] brickCount=0 brickSize=0b mappedMem=0b (storeSize=63b)
2014-05-20 05:50:24.262+0000 INFO  [o.n.k.i.t.x.XaLogicalLog]: Opened logical log [C:\Users\Jean\Documents\Neo4j\credit card fraud v2\nioneo_logical.log.1] version=1, lastTxId=1 (clean)
2014-05-20 05:50:25.417+0000 INFO  [o.n.k.i.t.TxManager]: TM opening log: C:\Users\Jean\Documents\Neo4j\credit card fraud v2\tm_tx_log.1
2014-05-20 05:50:49.292+0000 INFO  [o.n.k.i.t.x.XaLogicalLog]: Opened logical log [C:\Users\Jean\Documents\Neo4j\credit card fraud v2\index\lucene.log.1] version=1, lastTxId=1 (clean)
2014-05-20 05:50:50.656+0000 INFO  [o.n.k.i.DiagnosticsManager]: --- STARTED diagnostics for KernelDiagnostics:Versions START ---
2014-05-20 05:50:50.656+0000 INFO  [o.n.k.i.DiagnosticsManager]: Graph Database: org.neo4j.kernel.EmbeddedGraphDatabase StoreId[time:1400564912281, id:1186542836843494669, store version: 13843131341501958]
2014-05-20 05:50:50.656+0000 INFO  [o.n.k.i.DiagnosticsManager]: Kernel version: Neo4j Desktop (neo4j-desktop), version: 2.0.0
2014-05-20 05:50:50.657+0000 INFO  [o.n.k.i.DiagnosticsManager]: Neo4j component versions:
2014-05-20 05:50:50.658+0000 INFO  [o.n.k.i.DiagnosticsManager]:   Neo4j Desktop (neo4j-lucene-index), version: 2.0.0; revision: 2.0.0:master:601/5cfc38672446b92062b3bc209d584591968f1a0f
2014-05-20 05:50:50.659+0000 INFO  [o.n.k.i.DiagnosticsManager]:   Neo4j Desktop (neo4j-graph-algo), version: 2.0.0; revision: 2.0.0:master:601/5cfc38672446b92062b3bc209d584591968f1a0f
2014-05-20 05:50:50.659+0000 INFO  [o.n.k.i.DiagnosticsManager]:   Neo4j Desktop (neo4j-cypher-compiler-2.0), version: 2.0.0; revision: 2.0.0:master:601/5cfc38672446b92062b3bc209d584591968f1a0f
2014-05-20 05:50:50.659+0000 INFO  [o.n.k.i.DiagnosticsManager]:   Neo4j Desktop (neo4j-cypher-compiler-1.9), version: 2.0.0; revision: 2.0.0:master:601/5cfc38672446b92062b3bc209d584591968f1a0f
2014-05-20 05:50:50.659+0000 INFO  [o.n.k.i.DiagnosticsManager]:   Neo4j Desktop (neo4j-udc), version: 2.0.0; revision: 2.0.0:master:601/5cfc38672446b92062b3bc209d584591968f1a0f
2014-05-20 05:50:50.659+0000 INFO  [o.n.k.i.DiagnosticsManager]:   Neo4j Desktop (neo4j-jmx), version: 2.0.0; revision: 2.0.0:master:601/5cfc38672446b92062b3bc209d584591968f1a0f
2014-05-20 05:50:50.659+0000 INFO  [o.n.k.i.DiagnosticsManager]:   Neo4j Desktop (neo4j-graph-matching), version: 2.0.0; revision: 2.0.0:master:601/5cfc38672446b92062b3bc209d584591968f1a0f
2014-05-20 05:50:50.659+0000 INFO  [o.n.k.i.DiagnosticsManager]:   Neo4j Desktop (server-api), version: 2.0.0; revision: 2.0.0:master:601/5cfc38672446b92062b3bc209d584591968f1a0f
2014-05-20 05:50:50.659+0000 INFO  [o.n.k.i.DiagnosticsManager]:   Neo4j Desktop (neo4j-desktop), version: 2.0.0; revision: 2.0.0:master:601/5cfc38672446b92062b3bc209d584591968f1a0f
2014-05-20 05:50:50.659+0000 INFO  [o.n.k.i.DiagnosticsManager]:   Neo4j Desktop (neo4j-cypher), version: 2.0.0; revision: 2.0.0:master:601/5cfc38672446b92062b3bc209d584591968f1a0f
2014-05-20 05:50:50.659+0000 INFO  [o.n.k.i.DiagnosticsManager]:   Neo4j Desktop (neo4j-server), version: 2.0.0; revision: 2.0.0:master:601/5cfc38672446b92062b3bc209d584591968f1a0f
2014-05-20 05:50:50.659+0000 INFO  [o.n.k.i.DiagnosticsManager]:   Neo4j Desktop (neo4j-shell), version: 2.0.0; revision: 2.0.0:master:601/5cfc38672446b92062b3bc209d584591968f1a0f
2014-05-20 05:50:50.659+0000 INFO  [o.n.k.i.DiagnosticsManager]:   Neo4j Desktop (neo4j-cypher-commons), version: 2.0.0; revision: 2.0.0:master:601/5cfc38672446b92062b3bc209d584591968f1a0f
2014-05-20 05:50:50.659+0000 INFO  [o.n.k.i.DiagnosticsManager]: --- STARTED diagnostics for KernelDiagnostics:Versions END ---
2014-05-20 05:50:50.659+0000 INFO  [o.n.k.i.DiagnosticsManager]: --- STARTED diagnostics for NEO_STORE_VERSIONS START ---
2014-05-20 05:50:50.659+0000 INFO  [o.n.k.i.DiagnosticsManager]: Store versions:
2014-05-20 05:50:50.659+0000 INFO  [o.n.k.i.DiagnosticsManager]: Store versions:
2014-05-20 05:50:50.659+0000 INFO  [o.n.k.i.DiagnosticsManager]:   NeoStore v0.A.1
2014-05-20 05:50:50.659+0000 INFO  [o.n.k.i.DiagnosticsManager]:   SchemaStore v0.A.1
2014-05-20 05:50:50.659+0000 INFO  [o.n.k.i.DiagnosticsManager]:   NodeStore v0.A.1
2014-05-20 05:50:50.659+0000 INFO  [o.n.k.i.DiagnosticsManager]:   RelationshipStore v0.A.1
2014-05-20 05:50:50.659+0000 INFO  [o.n.k.i.DiagnosticsManager]:   RelationshipTypeStore v0.A.1
2014-05-20 05:50:50.659+0000 INFO  [o.n.k.i.DiagnosticsManager]:   LabelTokenStore v0.A.1
2014-05-20 05:50:50.659+0000 INFO  [o.n.k.i.DiagnosticsManager]:   PropertyStore v0.A.1
2014-05-20 05:50:50.659+0000 INFO  [o.n.k.i.DiagnosticsManager]:   PropertyIndexStore v0.A.1
2014-05-20 05:50:50.659+0000 INFO  [o.n.k.i.DiagnosticsManager]:   StringPropertyStore v0.A.1
2014-05-20 05:50:50.659+0000 INFO  [o.n.k.i.DiagnosticsManager]:   ArrayPropertyStore v0.A.1
2014-05-20 05:50:50.659+0000 INFO  [o.n.k.i.DiagnosticsManager]: --- STARTED diagnostics for NEO_STORE_VERSIONS END ---
2014-05-20 05:50:50.659+0000 INFO  [o.n.k.i.DiagnosticsManager]: --- STARTED diagnostics for NEO_STORE_ID_USAGE START ---
2014-05-20 05:50:50.660+0000 INFO  [o.n.k.i.DiagnosticsManager]: Id usage:
2014-05-20 05:50:50.660+0000 INFO  [o.n.k.i.DiagnosticsManager]: Id usage:
2014-05-20 05:50:50.660+0000 INFO  [o.n.k.i.DiagnosticsManager]:   SchemaStore: used=1 high=0
2014-05-20 05:50:50.660+0000 INFO  [o.n.k.i.DiagnosticsManager]:   NodeStore: used=0 high=-1
2014-05-20 05:50:50.660+0000 INFO  [o.n.k.i.DiagnosticsManager]:   RelationshipStore: used=0 high=-1
2014-05-20 05:50:50.660+0000 INFO  [o.n.k.i.DiagnosticsManager]:   RelationshipTypeStore: used=0 high=-1
2014-05-20 05:50:50.660+0000 INFO  [o.n.k.i.DiagnosticsManager]:   LabelTokenStore: used=0 high=-1
2014-05-20 05:50:50.660+0000 INFO  [o.n.k.i.DiagnosticsManager]:   PropertyStore: used=0 high=-1
2014-05-20 05:50:50.660+0000 INFO  [o.n.k.i.DiagnosticsManager]:   PropertyIndexStore: used=0 high=-1
2014-05-20 05:50:50.660+0000 INFO  [o.n.k.i.DiagnosticsManager]:   StringPropertyStore: used=1 high=0
2014-05-20 05:50:50.660+0000 INFO  [o.n.k.i.DiagnosticsManager]:   ArrayPropertyStore: used=1 high=0
2014-05-20 05:50:50.660+0000 INFO  [o.n.k.i.DiagnosticsManager]: --- STARTED diagnostics for NEO_STORE_ID_USAGE END ---
2014-05-20 05:50:50.660+0000 INFO  [o.n.k.i.DiagnosticsManager]: --- STARTED diagnostics for PERSISTENCE_WINDOW_POOL_STATS START ---
2014-05-20 05:50:50.660+0000 INFO  [o.n.k.i.DiagnosticsManager]: --- STARTED diagnostics for PERSISTENCE_WINDOW_POOL_STATS END ---
2014-05-20 05:50:50.661+0000 INFO  [o.n.k.i.DiagnosticsManager]: --- STARTED diagnostics for KernelDiagnostics:StoreFiles START ---
2014-05-20 05:50:50.662+0000 INFO  [o.n.k.i.DiagnosticsManager]: Disk space on partition (Total / Free / Free %): 299982909440 / 96717660160 / 32
Storage files: (filename : modification date - size)
2014-05-20 05:50:50.663+0000 INFO  [o.n.k.i.DiagnosticsManager]:   active_tx_log: 2014-05-20T07:49:44+0200 - 11,00 B
2014-05-20 05:50:50.663+0000 INFO  [o.n.k.i.DiagnosticsManager]:   index:
2014-05-20 05:50:50.663+0000 INFO  [o.n.k.i.DiagnosticsManager]:     lucene-store.db: 2014-05-20T07:49:50+0200 - 40,00 B
2014-05-20 05:50:50.664+0000 INFO  [o.n.k.i.DiagnosticsManager]:     lucene.log.1: 2014-05-20T07:50:49+0200 - 16,00 B
2014-05-20 05:50:50.664+0000 INFO  [o.n.k.i.DiagnosticsManager]:     lucene.log.active: 2014-05-20T07:50:49+0200 - 4,00 B
2014-05-20 05:50:50.664+0000 INFO  [o.n.k.i.DiagnosticsManager]:     lucene.log.v0: 2014-05-20T07:49:50+0200 - 16,00 B
2014-05-20 05:50:50.665+0000 INFO  [o.n.k.i.DiagnosticsManager]:   - Total: 2014-05-20T07:50:49+0200 - 76,00 B
2014-05-20 05:50:50.665+0000 INFO  [o.n.k.i.DiagnosticsManager]:   lock: 2014-05-20T07:50:23+0200 - 0,00 B
2014-05-20 05:50:50.665+0000 INFO  [o.n.k.i.DiagnosticsManager]:   messages.log: 2014-05-20T07:50:23+0200 - 70,37 kB
2014-05-20 05:50:50.666+0000 INFO  [o.n.k.i.DiagnosticsManager]:   neo4j.properties: 2014-05-20T07:47:41+0200 - 1,08 kB
2014-05-20 05:50:50.666+0000 INFO  [o.n.k.i.DiagnosticsManager]:   neostore: 2014-05-20T07:50:23+0200 - 63,00 B
2014-05-20 05:50:50.666+0000 INFO  [o.n.k.i.DiagnosticsManager]:   neostore.id: 2014-05-20T07:50:22+0200 - 9,00 B
2014-05-20 05:50:50.667+0000 INFO  [o.n.k.i.DiagnosticsManager]:   neostore.labeltokenstore.db: 2014-05-20T07:50:23+0200 - 0,00 B
2014-05-20 05:50:50.667+0000 INFO  [o.n.k.i.DiagnosticsManager]:   neostore.labeltokenstore.db.id: 2014-05-20T07:50:06+0200 - 9,00 B
2014-05-20 05:50:50.667+0000 INFO  [o.n.k.i.DiagnosticsManager]:   neostore.labeltokenstore.db.names: 2014-05-20T07:50:23+0200 - 38,00 B
2014-05-20 05:50:50.668+0000 INFO  [o.n.k.i.DiagnosticsManager]:   neostore.labeltokenstore.db.names.id: 2014-05-20T07:50:05+0200 - 9,00 B
2014-05-20 05:50:50.668+0000 INFO  [o.n.k.i.DiagnosticsManager]:   neostore.nodestore.db: 2014-05-20T07:50:23+0200 - 0,00 B
2014-05-20 05:50:50.668+0000 INFO  [o.n.k.i.DiagnosticsManager]:   neostore.nodestore.db.id: 2014-05-20T07:50:18+0200 - 9,00 B
2014-05-20 05:50:50.668+0000 INFO  [o.n.k.i.DiagnosticsManager]:   neostore.nodestore.db.labels: 2014-05-20T07:50:23+0200 - 68,00 B
2014-05-20 05:50:50.669+0000 INFO  [o.n.k.i.DiagnosticsManager]:   neostore.nodestore.db.labels.id: 2014-05-20T07:50:15+0200 - 9,00 B
2014-05-20 05:50:50.669+0000 INFO  [o.n.k.i.DiagnosticsManager]:   neostore.propertystore.db: 2014-05-20T07:50:23+0200 - 0,00 B
2014-05-20 05:50:50.669+0000 INFO  [o.n.k.i.DiagnosticsManager]:   neostore.propertystore.db.arrays: 2014-05-20T07:50:23+0200 - 128,00 B
2014-05-20 05:50:50.670+0000 INFO  [o.n.k.i.DiagnosticsManager]:   neostore.propertystore.db.arrays.id: 2014-05-20T07:50:12+0200 - 9,00 B
2014-05-20 05:50:50.670+0000 INFO  [o.n.k.i.DiagnosticsManager]:   neostore.propertystore.db.id: 2014-05-20T07:50:13+0200 - 9,00 B
2014-05-20 05:50:50.670+0000 INFO  [o.n.k.i.DiagnosticsManager]:   neostore.propertystore.db.index: 2014-05-20T07:50:23+0200 - 0,00 B
2014-05-20 05:50:50.671+0000 INFO  [o.n.k.i.DiagnosticsManager]:   neostore.propertystore.db.index.id: 2014-05-20T07:50:10+0200 - 9,00 B
2014-05-20 05:50:50.671+0000 INFO  [o.n.k.i.DiagnosticsManager]:   neostore.propertystore.db.index.keys: 2014-05-20T07:50:23+0200 - 38,00 B
2014-05-20 05:50:50.671+0000 INFO  [o.n.k.i.DiagnosticsManager]:   neostore.propertystore.db.index.keys.id: 2014-05-20T07:50:09+0200 - 9,00 B
2014-05-20 05:50:50.672+0000 INFO  [o.n.k.i.DiagnosticsManager]:   neostore.propertystore.db.strings: 2014-05-20T07:50:23+0200 - 128,00 B
2014-05-20 05:50:50.672+0000 INFO  [o.n.k.i.DiagnosticsManager]:   neostore.propertystore.db.strings.id: 2014-05-20T07:50:07+0200 - 9,00 B
2014-05-20 05:50:50.672+0000 INFO  [o.n.k.i.DiagnosticsManager]:   neostore.relationshipstore.db: 2014-05-20T07:50:23+0200 - 0,00 B
2014-05-20 05:50:50.673+0000 INFO  [o.n.k.i.DiagnosticsManager]:   neostore.relationshipstore.db.id: 2014-05-20T07:50:15+0200 - 9,00 B
2014-05-20 05:50:50.673+0000 INFO  [o.n.k.i.DiagnosticsManager]:   neostore.relationshiptypestore.db: 2014-05-20T07:50:23+0200 - 0,00 B
2014-05-20 05:50:50.673+0000 INFO  [o.n.k.i.DiagnosticsManager]:   neostore.relationshiptypestore.db.id: 2014-05-20T07:50:03+0200 - 9,00 B
2014-05-20 05:50:50.673+0000 INFO  [o.n.k.i.DiagnosticsManager]:   neostore.relationshiptypestore.db.names: 2014-05-20T07:50:23+0200 - 38,00 B
2014-05-20 05:50:50.674+0000 INFO  [o.n.k.i.DiagnosticsManager]:   neostore.relationshiptypestore.db.names.id: 2014-05-20T07:50:02+0200 - 9,00 B
2014-05-20 05:50:50.674+0000 INFO  [o.n.k.i.DiagnosticsManager]:   neostore.schemastore.db: 2014-05-20T07:50:23+0200 - 64,00 B
2014-05-20 05:50:50.675+0000 INFO  [o.n.k.i.DiagnosticsManager]:   neostore.schemastore.db.id: 2014-05-20T07:50:20+0200 - 9,00 B
2014-05-20 05:50:50.675+0000 INFO  [o.n.k.i.DiagnosticsManager]:   nioneo_logical.log.1: 2014-05-20T07:50:24+0200 - 16,00 B
2014-05-20 05:50:50.675+0000 INFO  [o.n.k.i.DiagnosticsManager]:   nioneo_logical.log.active: 2014-05-20T07:50:24+0200 - 4,00 B
2014-05-20 05:50:50.676+0000 INFO  [o.n.k.i.DiagnosticsManager]:   nioneo_logical.log.v0: 2014-05-20T07:49:56+0200 - 16,00 B
2014-05-20 05:50:50.676+0000 INFO  [o.n.k.i.DiagnosticsManager]:   schema:
2014-05-20 05:50:50.676+0000 INFO  [o.n.k.i.DiagnosticsManager]:     label:
2014-05-20 05:50:50.676+0000 INFO  [o.n.k.i.DiagnosticsManager]:       lucene:
2014-05-20 05:50:50.677+0000 INFO  [o.n.k.i.DiagnosticsManager]:         segments.gen: 2014-05-20T07:49:55+0200 - 20,00 B
2014-05-20 05:50:50.677+0000 INFO  [o.n.k.i.DiagnosticsManager]:         segments_1: 2014-05-20T07:49:55+0200 - 32,00 B
2014-05-20 05:50:50.678+0000 INFO  [o.n.k.i.DiagnosticsManager]:         write.lock: 2014-05-20T07:50:24+0200 - 0,00 B
2014-05-20 05:50:50.678+0000 INFO  [o.n.k.i.DiagnosticsManager]:       - Total: 2014-05-20T07:50:24+0200 - 52,00 B
2014-05-20 05:50:50.678+0000 INFO  [o.n.k.i.DiagnosticsManager]:     - Total: 2014-05-20T07:49:33+0200 - 52,00 B
2014-05-20 05:50:50.679+0000 INFO  [o.n.k.i.DiagnosticsManager]:   - Total: 2014-05-20T07:49:31+0200 - 52,00 B
2014-05-20 05:50:50.679+0000 INFO  [o.n.k.i.DiagnosticsManager]:   store_lock: 2014-05-20T07:48:31+0200 - 0,00 B
2014-05-20 05:50:50.679+0000 INFO  [o.n.k.i.DiagnosticsManager]:   tm_tx_log.1: 2014-05-20T07:50:25+0200 - 0,00 B
2014-05-20 05:50:50.679+0000 INFO  [o.n.k.i.DiagnosticsManager]: --- STARTED diagnostics for KernelDiagnostics:StoreFiles END ---
2014-05-20 05:50:50.680+0000 INFO  [o.n.k.EmbeddedGraphDatabase]: Database is now ready
2014-05-20 05:50:50.681+0000 INFO  [o.n.k.EmbeddedGraphDatabase]: GC Monitor started. 
2014-05-20 05:50:50.681+0000 INFO  [o.n.k.i.DiagnosticsManager]: --- SERVER STARTED START ---
2014-05-20 05:51:04.464+0000 INFO  [o.n.k.i.DiagnosticsManager]: --- STARTED diagnostics for org.neo4j.server.configuration.Configurator START ---
2014-05-20 05:51:04.473+0000 INFO  [o.n.k.i.DiagnosticsManager]: Server configuration:
2014-05-20 05:51:04.473+0000 INFO  [o.n.k.i.DiagnosticsManager]: org.neo4j.server.db.tuning.properties = C:\Users\Jean\Documents\Neo4j\credit card fraud v2\neo4j.properties
2014-05-20 05:51:04.473+0000 INFO  [o.n.k.i.DiagnosticsManager]: org.neo4j.server.database.location = C:\Users\Jean\Documents\Neo4j\credit card fraud v2
2014-05-20 05:51:04.474+0000 INFO  [o.n.k.i.DiagnosticsManager]: --- STARTED diagnostics for org.neo4j.server.configuration.Configurator END ---
2014-05-20 05:51:04.569+0000 INFO  [o.n.k.i.DiagnosticsManager]: Mounted discovery module (org.neo4j.server.rest.discovery) at: /
2014-05-20 05:51:04.801+0000 INFO  [o.n.k.i.DiagnosticsManager]: Mounted REST API at: /db/data
2014-05-20 05:51:04.805+0000 INFO  [o.n.k.i.DiagnosticsManager]: Mounted management API at: /db/manage
2014-05-20 05:51:04.806+0000 INFO  [o.n.k.i.DiagnosticsManager]: Mounted webadmin at: /webadmin
2014-05-20 05:51:04.806+0000 INFO  [o.n.k.i.DiagnosticsManager]: Mounted Neo4j Browser at: /browser
2014-05-20 05:51:23.285+0000 INFO  [o.n.k.i.DiagnosticsManager]: Server started on: http://localhost:7474/
2014-05-20 05:51:23.286+0000 INFO  [o.n.k.i.DiagnosticsManager]: --- SERVER STARTED END ---
2014-05-20 06:03:42.445+0000 INFO  [o.n.k.EmbeddedGraphDatabase]: Shutdown started
2014-05-20 06:03:42.445+0000 INFO  [o.n.k.EmbeddedGraphDatabase]: Database is now unavailable
2014-05-20 06:03:42.446+0000 INFO  [o.n.k.EmbeddedGraphDatabase]: GC Monitor stopped. 
2014-05-20 06:03:42.767+0000 INFO  [o.n.k.i.t.x.XaLogicalLog]: Closed log C:\Users\Jean\Documents\Neo4j\credit card fraud v2\index\lucene.log
2014-05-20 06:03:42.886+0000 INFO  [o.n.k.i.t.TxManager]: TM shutting down
2014-05-20 06:03:44.380+0000 INFO  [o.n.k.i.t.x.XaLogicalLog]: Closed log C:\Users\Jean\Documents\Neo4j\credit card fraud v2\nioneo_logical.log
2014-05-20 06:03:44.591+0000 INFO  [o.n.k.i.n.s.StoreFactory]: C:\Users\Jean\Documents\Neo4j\credit card fraud v2\neostore.relationshiptypestore.db.names hit=0 miss=1 switches=0 ooe=0
2014-05-20 06:03:45.023+0000 INFO  [o.n.k.i.n.s.StoreFactory]: C:\Users\Jean\Documents\Neo4j\credit card fraud v2\neostore.relationshiptypestore.db hit=0 miss=1 switches=0 ooe=0
2014-05-20 06:03:45.436+0000 INFO  [o.n.k.i.n.s.StoreFactory]: C:\Users\Jean\Documents\Neo4j\credit card fraud v2\neostore.labeltokenstore.db.names hit=0 miss=2 switches=0 ooe=0
2014-05-20 06:03:46.029+0000 INFO  [o.n.k.i.n.s.StoreFactory]: C:\Users\Jean\Documents\Neo4j\credit card fraud v2\neostore.labeltokenstore.db hit=0 miss=2 switches=0 ooe=0
2014-05-20 06:03:46.550+0000 INFO  [o.n.k.i.n.s.StoreFactory]: C:\Users\Jean\Documents\Neo4j\credit card fraud v2\neostore.propertystore.db.strings hit=0 miss=0 switches=0 ooe=0
2014-05-20 06:03:47.090+0000 INFO  [o.n.k.i.n.s.StoreFactory]: C:\Users\Jean\Documents\Neo4j\credit card fraud v2\neostore.propertystore.db.index.keys hit=0 miss=9 switches=0 ooe=0
2014-05-20 06:03:47.436+0000 INFO  [o.n.k.i.n.s.StoreFactory]: C:\Users\Jean\Documents\Neo4j\credit card fraud v2\neostore.propertystore.db.index hit=0 miss=9 switches=0 ooe=0
2014-05-20 06:03:48.070+0000 INFO  [o.n.k.i.n.s.StoreFactory]: C:\Users\Jean\Documents\Neo4j\credit card fraud v2\neostore.propertystore.db.arrays hit=0 miss=0 switches=0 ooe=0
2014-05-20 06:03:48.614+0000 INFO  [o.n.k.i.n.s.StoreFactory]: C:\Users\Jean\Documents\Neo4j\credit card fraud v2\neostore.propertystore.db hit=188 miss=0 switches=0 ooe=0
2014-05-20 06:03:49.209+0000 INFO  [o.n.k.i.n.s.StoreFactory]: C:\Users\Jean\Documents\Neo4j\credit card fraud v2\neostore.relationshipstore.db hit=64 miss=0 switches=0 ooe=0
2014-05-20 06:03:50.100+0000 INFO  [o.n.k.i.n.s.StoreFactory]: C:\Users\Jean\Documents\Neo4j\credit card fraud v2\neostore.nodestore.db.labels hit=0 miss=0 switches=0 ooe=0
2014-05-20 06:03:50.719+0000 INFO  [o.n.k.i.n.s.StoreFactory]: C:\Users\Jean\Documents\Neo4j\credit card fraud v2\neostore.nodestore.db hit=26 miss=0 switches=0 ooe=0
2014-05-20 06:03:51.219+0000 INFO  [o.n.k.i.n.s.StoreFactory]: C:\Users\Jean\Documents\Neo4j\credit card fraud v2\neostore.schemastore.db hit=0 miss=0 switches=0 ooe=0
2014-05-20 06:03:52.143+0000 INFO  [o.n.k.i.n.s.StoreFactory]: C:\Users\Jean\Documents\Neo4j\credit card fraud v2\neostore hit=0 miss=30 switches=0 ooe=0
2014-05-20 06:03:52.477+0000 INFO  [o.n.k.i.n.x.NeoStoreXaDataSource]: NeoStore closed
2014-05-20 06:03:52.477+0000 INFO  [o.n.k.i.DiagnosticsManager]: --- STOPPING diagnostics START ---
2014-05-20 06:03:52.477+0000 INFO  [o.n.k.i.DiagnosticsManager]: --- STOPPING diagnostics END ---
